<?xml version="1.0" encoding="UTF-8"?>
<coverage generated="1593137406626" clover="3.2.0">
  <project timestamp="1593137406626" name="All files">
    <metrics statements="184" coveredstatements="84" conditionals="143" coveredconditionals="57" methods="35" coveredmethods="14" elements="362" coveredelements="155" complexity="0" loc="184" ncloc="184" packages="3" files="10" classes="10"/>
    <package name="src">
      <metrics statements="87" coveredstatements="7" conditionals="71" coveredconditionals="1" methods="18" coveredmethods="3"/>
      <file name="index.js" path="/home/sirrobert/Projects/thefarce/farce-commando/code/src/index.js">
        <metrics statements="0" coveredstatements="0" conditionals="0" coveredconditionals="0" methods="0" coveredmethods="0"/>
      </file>
      <file name="option.js" path="/home/sirrobert/Projects/thefarce/farce-commando/code/src/option.js">
        <metrics statements="70" coveredstatements="0" conditionals="66" coveredconditionals="0" methods="12" coveredmethods="0"/>
        <line num="2" count="0" type="cond" truecount="0" falsecount="2"/>
        <line num="6" count="0" type="cond" truecount="0" falsecount="2"/>
        <line num="7" count="0" type="stmt"/>
        <line num="9" count="0" type="stmt"/>
        <line num="13" count="0" type="cond" truecount="0" falsecount="2"/>
        <line num="18" count="0" type="stmt"/>
        <line num="22" count="0" type="stmt"/>
        <line num="24" count="0" type="stmt"/>
        <line num="25" count="0" type="stmt"/>
        <line num="27" count="0" type="cond" truecount="0" falsecount="6"/>
        <line num="31" count="0" type="stmt"/>
        <line num="33" count="0" type="stmt"/>
        <line num="39" count="0" type="stmt"/>
        <line num="50" count="0" type="stmt"/>
        <line num="51" count="0" type="stmt"/>
        <line num="52" count="0" type="stmt"/>
        <line num="53" count="0" type="stmt"/>
        <line num="54" count="0" type="stmt"/>
        <line num="55" count="0" type="stmt"/>
        <line num="56" count="0" type="stmt"/>
        <line num="58" count="0" type="stmt"/>
        <line num="87" count="0" type="cond" truecount="0" falsecount="4"/>
        <line num="88" count="0" type="cond" truecount="0" falsecount="2"/>
        <line num="94" count="0" type="cond" truecount="0" falsecount="5"/>
        <line num="95" count="0" type="cond" truecount="0" falsecount="2"/>
        <line num="98" count="0" type="cond" truecount="0" falsecount="2"/>
        <line num="105" count="0" type="stmt"/>
        <line num="107" count="0" type="stmt"/>
        <line num="111" count="0" type="cond" truecount="0" falsecount="2"/>
        <line num="114" count="0" type="cond" truecount="0" falsecount="5"/>
        <line num="115" count="0" type="stmt"/>
        <line num="119" count="0" type="stmt"/>
        <line num="128" count="0" type="cond" truecount="0" falsecount="2"/>
        <line num="129" count="0" type="stmt"/>
        <line num="132" count="0" type="stmt"/>
        <line num="133" count="0" type="stmt"/>
        <line num="140" count="0" type="stmt"/>
        <line num="143" count="0" type="stmt"/>
        <line num="148" count="0" type="stmt"/>
        <line num="149" count="0" type="stmt"/>
        <line num="151" count="0" type="stmt"/>
        <line num="152" count="0" type="cond" truecount="0" falsecount="2"/>
        <line num="153" count="0" type="stmt"/>
        <line num="154" count="0" type="stmt"/>
        <line num="155" count="0" type="stmt"/>
        <line num="156" count="0" type="stmt"/>
        <line num="157" count="0" type="stmt"/>
        <line num="160" count="0" type="stmt"/>
        <line num="166" count="0" type="stmt"/>
        <line num="167" count="0" type="stmt"/>
        <line num="168" count="0" type="stmt"/>
        <line num="169" count="0" type="stmt"/>
        <line num="170" count="0" type="stmt"/>
        <line num="171" count="0" type="stmt"/>
        <line num="172" count="0" type="stmt"/>
        <line num="174" count="0" type="cond" truecount="0" falsecount="2"/>
        <line num="175" count="0" type="stmt"/>
        <line num="178" count="0" type="cond" truecount="0" falsecount="2"/>
        <line num="179" count="0" type="stmt"/>
        <line num="182" count="0" type="cond" truecount="0" falsecount="2"/>
        <line num="183" count="0" type="stmt"/>
        <line num="188" count="0" type="cond" truecount="0" falsecount="2"/>
        <line num="189" count="0" type="stmt"/>
        <line num="190" count="0" type="stmt"/>
        <line num="191" count="0" type="cond" truecount="0" falsecount="2"/>
        <line num="194" count="0" type="cond" truecount="0" falsecount="2"/>
        <line num="195" count="0" type="stmt"/>
        <line num="198" count="0" type="cond" truecount="0" falsecount="2"/>
        <line num="199" count="0" type="stmt"/>
        <line num="202" count="0" type="stmt"/>
      </file>
      <file name="program.js" path="/home/sirrobert/Projects/thefarce/farce-commando/code/src/program.js">
        <metrics statements="17" coveredstatements="7" conditionals="5" coveredconditionals="1" methods="6" coveredmethods="3"/>
        <line num="7" count="4" type="stmt"/>
        <line num="11" count="3" type="stmt"/>
        <line num="13" count="3" type="cond" truecount="1" falsecount="1"/>
        <line num="14" count="3" type="stmt"/>
        <line num="17" count="3" type="stmt"/>
        <line num="21" count="1" type="stmt"/>
        <line num="22" count="0" type="stmt"/>
        <line num="24" count="0" type="cond" truecount="0" falsecount="2"/>
        <line num="25" count="0" type="stmt"/>
        <line num="29" count="1" type="stmt"/>
        <line num="33" count="0" type="stmt"/>
        <line num="34" count="0" type="stmt"/>
        <line num="36" count="0" type="stmt"/>
        <line num="38" count="0" type="stmt"/>
        <line num="41" count="0" type="stmt"/>
        <line num="47" count="0" type="stmt"/>
        <line num="48" count="0" type="stmt"/>
      </file>
    </package>
    <package name="src.option">
      <metrics statements="66" coveredstatements="59" conditionals="44" coveredconditionals="35" methods="8" coveredmethods="7"/>
      <file name="BaseClass.js" path="/home/sirrobert/Projects/thefarce/farce-commando/code/src/option/BaseClass.js">
        <metrics statements="19" coveredstatements="18" conditionals="14" coveredconditionals="13" methods="4" coveredmethods="3"/>
        <line num="3" count="122" type="stmt"/>
        <line num="14" count="122" type="stmt"/>
        <line num="15" count="122" type="stmt"/>
        <line num="16" count="122" type="stmt"/>
        <line num="17" count="122" type="stmt"/>
        <line num="18" count="122" type="stmt"/>
        <line num="19" count="122" type="stmt"/>
        <line num="20" count="122" type="stmt"/>
        <line num="21" count="122" type="stmt"/>
        <line num="25" count="118" type="stmt"/>
        <line num="27" count="118" type="stmt"/>
        <line num="28" count="118" type="stmt"/>
        <line num="30" count="118" type="cond" truecount="6" falsecount="0"/>
        <line num="34" count="79" type="stmt"/>
        <line num="36" count="39" type="stmt"/>
        <line num="41" count="79" type="cond" truecount="4" falsecount="0"/>
        <line num="42" count="19" type="cond" truecount="1" falsecount="1"/>
        <line num="44" count="79" type="cond" truecount="2" falsecount="0"/>
        <line num="48" count="0" type="stmt"/>
      </file>
      <file name="create-option.js" path="/home/sirrobert/Projects/thefarce/farce-commando/code/src/option/create-option.js">
        <metrics statements="7" coveredstatements="4" conditionals="7" coveredconditionals="3" methods="1" coveredmethods="1"/>
        <line num="10" count="122" type="stmt"/>
        <line num="11" count="122" type="cond" truecount="3" falsecount="4"/>
        <line num="13" count="91" type="stmt"/>
        <line num="16" count="0" type="stmt"/>
        <line num="20" count="0" type="stmt"/>
        <line num="25" count="31" type="stmt"/>
        <line num="27" count="0" type="stmt"/>
      </file>
      <file name="parse.js" path="/home/sirrobert/Projects/thefarce/farce-commando/code/src/option/parse.js">
        <metrics statements="40" coveredstatements="37" conditionals="23" coveredconditionals="19" methods="3" coveredmethods="3"/>
        <line num="3" count="2214" type="stmt"/>
        <line num="8" count="854" type="stmt"/>
        <line num="9" count="854" type="stmt"/>
        <line num="11" count="854" type="stmt"/>
        <line num="12" count="854" type="cond" truecount="2" falsecount="0"/>
        <line num="13" count="558" type="stmt"/>
        <line num="14" count="558" type="stmt"/>
        <line num="15" count="558" type="stmt"/>
        <line num="16" count="558" type="stmt"/>
        <line num="17" count="558" type="stmt"/>
        <line num="20" count="854" type="stmt"/>
        <line num="29" count="122" type="stmt"/>
        <line num="40" count="122" type="stmt"/>
        <line num="50" count="122" type="stmt"/>
        <line num="52" count="122" type="stmt"/>
        <line num="53" count="122" type="stmt"/>
        <line num="54" count="122" type="stmt"/>
        <line num="55" count="122" type="stmt"/>
        <line num="56" count="122" type="stmt"/>
        <line num="57" count="122" type="stmt"/>
        <line num="58" count="122" type="stmt"/>
        <line num="60" count="122" type="cond" truecount="2" falsecount="0"/>
        <line num="61" count="108" type="stmt"/>
        <line num="64" count="122" type="cond" truecount="2" falsecount="0"/>
        <line num="65" count="101" type="stmt"/>
        <line num="68" count="122" type="cond" truecount="2" falsecount="0"/>
        <line num="69" count="106" type="stmt"/>
        <line num="70" count="106" type="cond" truecount="1" falsecount="1"/>
        <line num="71" count="0" type="stmt"/>
        <line num="72" count="0" type="stmt"/>
        <line num="78" count="122" type="cond" truecount="2" falsecount="0"/>
        <line num="79" count="86" type="stmt"/>
        <line num="80" count="86" type="stmt"/>
        <line num="81" count="86" type="cond" truecount="2" falsecount="0"/>
        <line num="84" count="122" type="cond" truecount="2" falsecount="0"/>
        <line num="85" count="35" type="stmt"/>
        <line num="88" count="122" type="cond" truecount="1" falsecount="1"/>
        <line num="89" count="0" type="stmt"/>
        <line num="92" count="122" type="stmt"/>
        <line num="94" count="122" type="stmt"/>
      </file>
    </package>
    <package name="src.option.type">
      <metrics statements="31" coveredstatements="18" conditionals="28" coveredconditionals="21" methods="9" coveredmethods="4"/>
      <file name="Boolean.js" path="/home/sirrobert/Projects/thefarce/farce-commando/code/src/option/type/Boolean.js">
        <metrics statements="9" coveredstatements="9" conditionals="13" coveredconditionals="13" methods="2" coveredmethods="2"/>
        <line num="7" count="31" type="stmt"/>
        <line num="8" count="31" type="stmt"/>
        <line num="12" count="62" type="cond" truecount="2" falsecount="0"/>
        <line num="13" count="13" type="stmt"/>
        <line num="16" count="49" type="stmt"/>
        <line num="21" count="49" type="stmt"/>
        <line num="22" count="49" type="cond" truecount="2" falsecount="0"/>
        <line num="29" count="45" type="stmt"/>
        <line num="32" count="4" type="stmt"/>
      </file>
      <file name="Enumeration.js" path="/home/sirrobert/Projects/thefarce/farce-commando/code/src/option/type/Enumeration.js">
        <metrics statements="5" coveredstatements="0" conditionals="2" coveredconditionals="0" methods="2" coveredmethods="0"/>
        <line num="7" count="0" type="stmt"/>
        <line num="8" count="0" type="stmt"/>
        <line num="12" count="0" type="cond" truecount="0" falsecount="2"/>
        <line num="13" count="0" type="stmt"/>
        <line num="16" count="0" type="stmt"/>
      </file>
      <file name="Number.js" path="/home/sirrobert/Projects/thefarce/farce-commando/code/src/option/type/Number.js">
        <metrics statements="7" coveredstatements="0" conditionals="4" coveredconditionals="0" methods="3" coveredmethods="0"/>
        <line num="5" count="0" type="cond" truecount="0" falsecount="2"/>
        <line num="11" count="0" type="stmt"/>
        <line num="12" count="0" type="stmt"/>
        <line num="16" count="0" type="cond" truecount="0" falsecount="2"/>
        <line num="17" count="0" type="stmt"/>
        <line num="20" count="0" type="stmt"/>
        <line num="22" count="0" type="stmt"/>
      </file>
      <file name="String.js" path="/home/sirrobert/Projects/thefarce/farce-commando/code/src/option/type/String.js">
        <metrics statements="10" coveredstatements="9" conditionals="9" coveredconditionals="8" methods="2" coveredmethods="2"/>
        <line num="8" count="91" type="cond" truecount="1" falsecount="1"/>
        <line num="9" count="0" type="stmt"/>
        <line num="12" count="91" type="stmt"/>
        <line num="13" count="91" type="stmt"/>
        <line num="17" count="56" type="cond" truecount="2" falsecount="0"/>
        <line num="18" count="26" type="stmt"/>
        <line num="21" count="30" type="stmt"/>
        <line num="23" count="30" type="cond" truecount="5" falsecount="0"/>
        <line num="24" count="26" type="stmt"/>
        <line num="27" count="4" type="stmt"/>
      </file>
    </package>
  </project>
</coverage>
