<?xml version="1.0" encoding="UTF-8"?>
<coverage generated="1593726142192" clover="3.2.0">
  <project timestamp="1593726142193" name="All files">
    <metrics statements="234" coveredstatements="234" conditionals="164" coveredconditionals="164" methods="40" coveredmethods="40" elements="438" coveredelements="438" complexity="0" loc="234" ncloc="234" packages="3" files="9" classes="9"/>
    <package name="src">
      <metrics statements="65" coveredstatements="65" conditionals="36" coveredconditionals="36" methods="10" coveredmethods="10"/>
      <file name="index.js" path="/home/sirrobert/Projects/thefarce/farce-commando/code/src/index.js">
        <metrics statements="0" coveredstatements="0" conditionals="0" coveredconditionals="0" methods="0" coveredmethods="0"/>
      </file>
      <file name="program.js" path="/home/sirrobert/Projects/thefarce/farce-commando/code/src/program.js">
        <metrics statements="65" coveredstatements="65" conditionals="36" coveredconditionals="36" methods="10" coveredmethods="10"/>
        <line num="7" count="32" type="stmt"/>
        <line num="8" count="32" type="stmt"/>
        <line num="9" count="32" type="stmt"/>
        <line num="10" count="32" type="stmt"/>
        <line num="11" count="32" type="stmt"/>
        <line num="15" count="33" type="stmt"/>
        <line num="16" count="33" type="stmt"/>
        <line num="17" count="33" type="stmt"/>
        <line num="21" count="5" type="cond" truecount="2" falsecount="0"/>
        <line num="22" count="4" type="stmt"/>
        <line num="25" count="5" type="stmt"/>
        <line num="26" count="5" type="stmt"/>
        <line num="28" count="5" type="stmt"/>
        <line num="32" count="1" type="stmt"/>
        <line num="36" count="28" type="stmt"/>
        <line num="37" count="22" type="stmt"/>
        <line num="41" count="23" type="stmt"/>
        <line num="44" count="23" type="cond" truecount="2" falsecount="0"/>
        <line num="45" count="2" type="stmt"/>
        <line num="46" count="2" type="stmt"/>
        <line num="47" count="2" type="stmt"/>
        <line num="48" count="2" type="stmt"/>
        <line num="52" count="21" type="stmt"/>
        <line num="53" count="29" type="stmt"/>
        <line num="55" count="29" type="stmt"/>
        <line num="56" count="103" type="stmt"/>
        <line num="57" count="103" type="stmt"/>
        <line num="61" count="103" type="cond" truecount="4" falsecount="0"/>
        <line num="62" count="19" type="stmt"/>
        <line num="66" count="84" type="cond" truecount="2" falsecount="0"/>
        <line num="69" count="25" type="cond" truecount="5" falsecount="0"/>
        <line num="70" count="8" type="stmt"/>
        <line num="71" count="8" type="stmt"/>
        <line num="72" count="8" type="stmt"/>
        <line num="77" count="17" type="cond" truecount="4" falsecount="0"/>
        <line num="78" count="10" type="stmt"/>
        <line num="79" count="10" type="stmt"/>
        <line num="80" count="10" type="stmt"/>
        <line num="81" count="10" type="stmt"/>
        <line num="86" count="7" type="cond" truecount="4" falsecount="0"/>
        <line num="87" count="5" type="stmt"/>
        <line num="88" count="5" type="stmt"/>
        <line num="89" count="5" type="stmt"/>
        <line num="95" count="2" type="stmt"/>
        <line num="96" count="2" type="stmt"/>
        <line num="97" count="2" type="stmt"/>
        <line num="104" count="21" type="stmt"/>
        <line num="105" count="29" type="cond" truecount="3" falsecount="0"/>
        <line num="107" count="29" type="cond" truecount="2" falsecount="0"/>
        <line num="108" count="22" type="stmt"/>
        <line num="109" count="22" type="stmt"/>
        <line num="111" count="7" type="cond" truecount="2" falsecount="0"/>
        <line num="112" count="6" type="stmt"/>
        <line num="117" count="21" type="stmt"/>
        <line num="119" count="21" type="stmt"/>
        <line num="123" count="20" type="stmt"/>
        <line num="124" count="20" type="stmt"/>
        <line num="128" count="22" type="cond" truecount="2" falsecount="0"/>
        <line num="129" count="1" type="stmt"/>
        <line num="130" count="1" type="stmt"/>
        <line num="131" count="1" type="stmt"/>
        <line num="134" count="22" type="stmt"/>
        <line num="135" count="22" type="stmt"/>
        <line num="137" count="22" type="cond" truecount="2" falsecount="0"/>
        <line num="138" count="20" type="stmt"/>
      </file>
    </package>
    <package name="src.option">
      <metrics statements="84" coveredstatements="84" conditionals="52" coveredconditionals="52" methods="12" coveredmethods="12"/>
      <file name="BaseClass.js" path="/home/sirrobert/Projects/thefarce/farce-commando/code/src/option/BaseClass.js">
        <metrics statements="37" coveredstatements="37" conditionals="24" coveredconditionals="24" methods="8" coveredmethods="8"/>
        <line num="5" count="234" type="cond" truecount="2" falsecount="0"/>
        <line num="6" count="74" type="stmt"/>
        <line num="9" count="234" type="stmt"/>
        <line num="23" count="234" type="stmt"/>
        <line num="27" count="264" type="stmt"/>
        <line num="28" count="264" type="stmt"/>
        <line num="29" count="264" type="stmt"/>
        <line num="30" count="264" type="stmt"/>
        <line num="31" count="264" type="stmt"/>
        <line num="32" count="264" type="stmt"/>
        <line num="33" count="264" type="stmt"/>
        <line num="34" count="264" type="stmt"/>
        <line num="36" count="264" type="cond" truecount="2" falsecount="0"/>
        <line num="37" count="4" type="stmt"/>
        <line num="40" count="260" type="stmt"/>
        <line num="43" count="264" type="stmt"/>
        <line num="47" count="353" type="cond" truecount="2" falsecount="0"/>
        <line num="48" count="26" type="stmt"/>
        <line num="50" count="327" type="stmt"/>
        <line num="51" count="327" type="stmt"/>
        <line num="53" count="327" type="stmt"/>
        <line num="54" count="327" type="stmt"/>
        <line num="56" count="327" type="cond" truecount="6" falsecount="0"/>
        <line num="60" count="243" type="stmt"/>
        <line num="62" count="84" type="stmt"/>
        <line num="66" count="75" type="cond" truecount="2" falsecount="0"/>
        <line num="67" count="3" type="stmt"/>
        <line num="69" count="72" type="stmt"/>
        <line num="75" count="219" type="cond" truecount="4" falsecount="0"/>
        <line num="76" count="58" type="stmt"/>
        <line num="78" count="219" type="cond" truecount="2" falsecount="0"/>
        <line num="82" count="147" type="stmt"/>
        <line num="86" count="2" type="cond" truecount="2" falsecount="0"/>
        <line num="87" count="1" type="cond" truecount="2" falsecount="0"/>
        <line num="89" count="2" type="stmt"/>
        <line num="93" count="1" type="stmt"/>
        <line num="95" count="1" type="stmt"/>
      </file>
      <file name="create-option.js" path="/home/sirrobert/Projects/thefarce/farce-commando/code/src/option/create-option.js">
        <metrics statements="6" coveredstatements="6" conditionals="7" coveredconditionals="7" methods="1" coveredmethods="1"/>
        <line num="10" count="159" type="stmt"/>
        <line num="11" count="159" type="cond" truecount="7" falsecount="0"/>
        <line num="13" count="91" type="stmt"/>
        <line num="16" count="5" type="stmt"/>
        <line num="20" count="4" type="stmt"/>
        <line num="25" count="59" type="stmt"/>
      </file>
      <file name="parse.js" path="/home/sirrobert/Projects/thefarce/farce-commando/code/src/option/parse.js">
        <metrics statements="41" coveredstatements="41" conditionals="21" coveredconditionals="21" methods="3" coveredmethods="3"/>
        <line num="3" count="4403" type="stmt"/>
        <line num="8" count="1772" type="stmt"/>
        <line num="10" count="1772" type="stmt"/>
        <line num="11" count="1772" type="stmt"/>
        <line num="13" count="1772" type="stmt"/>
        <line num="14" count="1772" type="cond" truecount="2" falsecount="0"/>
        <line num="15" count="1034" type="stmt"/>
        <line num="16" count="1034" type="stmt"/>
        <line num="17" count="1034" type="stmt"/>
        <line num="18" count="1034" type="stmt"/>
        <line num="19" count="1034" type="stmt"/>
        <line num="22" count="1772" type="stmt"/>
        <line num="31" count="253" type="stmt"/>
        <line num="42" count="253" type="stmt"/>
        <line num="53" count="253" type="stmt"/>
        <line num="55" count="253" type="stmt"/>
        <line num="56" count="253" type="stmt"/>
        <line num="57" count="253" type="stmt"/>
        <line num="58" count="253" type="stmt"/>
        <line num="59" count="253" type="stmt"/>
        <line num="60" count="253" type="stmt"/>
        <line num="61" count="253" type="stmt"/>
        <line num="63" count="253" type="cond" truecount="2" falsecount="0"/>
        <line num="64" count="238" type="stmt"/>
        <line num="67" count="253" type="cond" truecount="2" falsecount="0"/>
        <line num="68" count="140" type="stmt"/>
        <line num="71" count="253" type="cond" truecount="2" falsecount="0"/>
        <line num="72" count="225" type="stmt"/>
        <line num="73" count="225" type="cond" truecount="2" falsecount="0"/>
        <line num="74" count="3" type="stmt"/>
        <line num="75" count="3" type="stmt"/>
        <line num="81" count="253" type="cond" truecount="2" falsecount="0"/>
        <line num="82" count="106" type="stmt"/>
        <line num="83" count="106" type="stmt"/>
        <line num="84" count="106" type="cond" truecount="2" falsecount="0"/>
        <line num="87" count="253" type="cond" truecount="2" falsecount="0"/>
        <line num="88" count="54" type="stmt"/>
        <line num="91" count="253" type="cond" truecount="2" falsecount="0"/>
        <line num="92" count="18" type="stmt"/>
        <line num="95" count="253" type="stmt"/>
        <line num="97" count="253" type="stmt"/>
      </file>
    </package>
    <package name="src.option.type">
      <metrics statements="85" coveredstatements="85" conditionals="76" coveredconditionals="76" methods="18" coveredmethods="18"/>
      <file name="Boolean.js" path="/home/sirrobert/Projects/thefarce/farce-commando/code/src/option/type/Boolean.js">
        <metrics statements="32" coveredstatements="32" conditionals="35" coveredconditionals="35" methods="6" coveredmethods="6"/>
        <line num="7" count="88" type="stmt"/>
        <line num="8" count="88" type="stmt"/>
        <line num="10" count="88" type="cond" truecount="4" falsecount="0"/>
        <line num="11" count="12" type="stmt"/>
        <line num="17" count="108" type="stmt"/>
        <line num="18" count="108" type="cond" truecount="4" falsecount="0"/>
        <line num="19" count="18" type="stmt"/>
        <line num="24" count="143" type="cond" truecount="2" falsecount="0"/>
        <line num="25" count="18" type="stmt"/>
        <line num="28" count="125" type="stmt"/>
        <line num="33" count="125" type="cond" truecount="2" falsecount="0"/>
        <line num="34" count="118" type="stmt"/>
        <line num="37" count="7" type="stmt"/>
        <line num="41" count="185" type="stmt"/>
        <line num="42" count="185" type="cond" truecount="2" falsecount="0"/>
        <line num="46" count="244" type="stmt"/>
        <line num="48" count="244" type="cond" truecount="2" falsecount="0"/>
        <line num="54" count="159" type="stmt"/>
        <line num="55" count="85" type="cond" truecount="2" falsecount="0"/>
        <line num="60" count="75" type="stmt"/>
        <line num="63" count="10" type="stmt"/>
        <line num="69" count="45" type="cond" truecount="2" falsecount="0"/>
        <line num="70" count="1" type="stmt"/>
        <line num="76" count="44" type="cond" truecount="2" falsecount="0"/>
        <line num="77" count="15" type="stmt"/>
        <line num="78" count="15" type="stmt"/>
        <line num="79" count="15" type="stmt"/>
        <line num="83" count="29" type="cond" truecount="2" falsecount="0"/>
        <line num="84" count="28" type="stmt"/>
        <line num="87" count="1" type="stmt"/>
        <line num="90" count="29" type="stmt"/>
        <line num="91" count="29" type="stmt"/>
      </file>
      <file name="Enumeration.js" path="/home/sirrobert/Projects/thefarce/farce-commando/code/src/option/type/Enumeration.js">
        <metrics statements="19" coveredstatements="19" conditionals="14" coveredconditionals="14" methods="4" coveredmethods="4"/>
        <line num="7" count="18" type="stmt"/>
        <line num="8" count="18" type="stmt"/>
        <line num="10" count="18" type="cond" truecount="4" falsecount="0"/>
        <line num="11" count="1" type="stmt"/>
        <line num="16" count="24" type="cond" truecount="2" falsecount="0"/>
        <line num="17" count="2" type="stmt"/>
        <line num="20" count="22" type="stmt"/>
        <line num="22" count="22" type="stmt"/>
        <line num="26" count="25" type="stmt"/>
        <line num="27" count="57" type="cond" truecount="2" falsecount="0"/>
        <line num="28" count="16" type="stmt"/>
        <line num="31" count="9" type="stmt"/>
        <line num="35" count="16" type="cond" truecount="4" falsecount="0"/>
        <line num="37" count="10" type="cond" truecount="2" falsecount="0"/>
        <line num="38" count="1" type="stmt"/>
        <line num="39" count="1" type="stmt"/>
        <line num="42" count="9" type="stmt"/>
        <line num="43" count="9" type="stmt"/>
        <line num="45" count="16" type="stmt"/>
      </file>
      <file name="Number.js" path="/home/sirrobert/Projects/thefarce/farce-commando/code/src/option/type/Number.js">
        <metrics statements="17" coveredstatements="17" conditionals="12" coveredconditionals="12" methods="5" coveredmethods="5"/>
        <line num="5" count="21" type="cond" truecount="2" falsecount="0"/>
        <line num="9" count="10" type="stmt"/>
        <line num="15" count="19" type="stmt"/>
        <line num="16" count="19" type="stmt"/>
        <line num="18" count="19" type="cond" truecount="2" falsecount="0"/>
        <line num="19" count="3" type="stmt"/>
        <line num="24" count="23" type="cond" truecount="2" falsecount="0"/>
        <line num="25" count="2" type="stmt"/>
        <line num="28" count="21" type="stmt"/>
        <line num="30" count="21" type="stmt"/>
        <line num="34" count="16" type="cond" truecount="4" falsecount="0"/>
        <line num="36" count="10" type="cond" truecount="2" falsecount="0"/>
        <line num="37" count="1" type="stmt"/>
        <line num="38" count="1" type="stmt"/>
        <line num="41" count="9" type="stmt"/>
        <line num="42" count="9" type="stmt"/>
        <line num="45" count="16" type="stmt"/>
      </file>
      <file name="String.js" path="/home/sirrobert/Projects/thefarce/farce-commando/code/src/option/type/String.js">
        <metrics statements="17" coveredstatements="17" conditionals="15" coveredconditionals="15" methods="3" coveredmethods="3"/>
        <line num="8" count="107" type="cond" truecount="2" falsecount="0"/>
        <line num="9" count="16" type="stmt"/>
        <line num="12" count="107" type="stmt"/>
        <line num="13" count="107" type="stmt"/>
        <line num="17" count="73" type="cond" truecount="2" falsecount="0"/>
        <line num="18" count="26" type="stmt"/>
        <line num="21" count="47" type="stmt"/>
        <line num="23" count="47" type="cond" truecount="5" falsecount="0"/>
        <line num="24" count="38" type="stmt"/>
        <line num="27" count="9" type="stmt"/>
        <line num="32" count="15" type="cond" truecount="4" falsecount="0"/>
        <line num="34" count="11" type="cond" truecount="2" falsecount="0"/>
        <line num="35" count="1" type="stmt"/>
        <line num="36" count="1" type="stmt"/>
        <line num="39" count="10" type="stmt"/>
        <line num="40" count="10" type="stmt"/>
        <line num="43" count="15" type="stmt"/>
      </file>
    </package>
  </project>
</coverage>
