{"/home/sirrobert/Projects/thefarce/farce-commando/code/src/index.js": {"path":"/home/sirrobert/Projects/thefarce/farce-commando/code/src/index.js","statementMap":{},"fnMap":{},"branchMap":{},"s":{},"f":{},"b":{},"_coverageSchema":"1a1c01bbd47fc00a2c39e90264f33305004495a9","hash":"3baebe680c978a24984a42b055ae67217907fabc"}
,"/home/sirrobert/Projects/thefarce/farce-commando/code/src/program.js": {"path":"/home/sirrobert/Projects/thefarce/farce-commando/code/src/program.js","statementMap":{"0":{"start":{"line":7,"column":4},"end":{"line":7,"column":22}},"1":{"start":{"line":11,"column":17},"end":{"line":11,"column":34}},"2":{"start":{"line":12,"column":4},"end":{"line":12,"column":30}},"3":{"start":{"line":13,"column":4},"end":{"line":13,"column":16}},"4":{"start":{"line":17,"column":4},"end":{"line":17,"column":45}},"5":{"start":{"line":17,"column":32},"end":{"line":17,"column":43}},"6":{"start":{"line":18,"column":4},"end":{"line":18,"column":16}},"7":{"start":{"line":22,"column":21},"end":{"line":22,"column":33}},"8":{"start":{"line":23,"column":21},"end":{"line":23,"column":33}},"9":{"start":{"line":24,"column":21},"end":{"line":24,"column":23}},"10":{"start":{"line":62,"column":4},"end":{"line":99,"column":7}},"11":{"start":{"line":63,"column":6},"end":{"line":97,"column":7}},"12":{"start":{"line":63,"column":19},"end":{"line":63,"column":20}},"13":{"start":{"line":64,"column":19},"end":{"line":64,"column":26}},"14":{"start":{"line":65,"column":19},"end":{"line":65,"column":28}},"15":{"start":{"line":67,"column":8},"end":{"line":69,"column":9}},"16":{"start":{"line":68,"column":10},"end":{"line":68,"column":19}},"17":{"start":{"line":72,"column":8},"end":{"line":96,"column":9}},"18":{"start":{"line":76,"column":10},"end":{"line":95,"column":11}},"19":{"start":{"line":77,"column":12},"end":{"line":77,"column":32}},"20":{"start":{"line":78,"column":12},"end":{"line":78,"column":25}},"21":{"start":{"line":79,"column":12},"end":{"line":79,"column":19}},"22":{"start":{"line":84,"column":15},"end":{"line":95,"column":11}},"23":{"start":{"line":85,"column":12},"end":{"line":85,"column":38}},"24":{"start":{"line":86,"column":12},"end":{"line":86,"column":25}},"25":{"start":{"line":87,"column":12},"end":{"line":87,"column":25}},"26":{"start":{"line":88,"column":12},"end":{"line":88,"column":19}},"27":{"start":{"line":92,"column":12},"end":{"line":92,"column":32}},"28":{"start":{"line":93,"column":12},"end":{"line":93,"column":25}},"29":{"start":{"line":94,"column":12},"end":{"line":94,"column":19}},"30":{"start":{"line":101,"column":4},"end":{"line":106,"column":7}},"31":{"start":{"line":102,"column":6},"end":{"line":105,"column":7}},"32":{"start":{"line":103,"column":18},"end":{"line":103,"column":51}},"33":{"start":{"line":104,"column":8},"end":{"line":104,"column":33}},"34":{"start":{"line":108,"column":4},"end":{"line":108,"column":19}},"35":{"start":{"line":112,"column":4},"end":{"line":112,"column":21}},"36":{"start":{"line":116,"column":4},"end":{"line":116,"column":24}},"37":{"start":{"line":117,"column":22},"end":{"line":117,"column":39}},"38":{"start":{"line":119,"column":4},"end":{"line":122,"column":7}}},"fnMap":{"0":{"name":"(anonymous_0)","decl":{"start":{"line":6,"column":2},"end":{"line":6,"column":3}},"loc":{"start":{"line":6,"column":17},"end":{"line":8,"column":3}},"line":6},"1":{"name":"(anonymous_1)","decl":{"start":{"line":10,"column":2},"end":{"line":10,"column":3}},"loc":{"start":{"line":10,"column":15},"end":{"line":14,"column":3}},"line":10},"2":{"name":"(anonymous_2)","decl":{"start":{"line":16,"column":2},"end":{"line":16,"column":3}},"loc":{"start":{"line":16,"column":18},"end":{"line":19,"column":3}},"line":16},"3":{"name":"(anonymous_3)","decl":{"start":{"line":17,"column":25},"end":{"line":17,"column":26}},"loc":{"start":{"line":17,"column":32},"end":{"line":17,"column":43}},"line":17},"4":{"name":"(anonymous_4)","decl":{"start":{"line":21,"column":2},"end":{"line":21,"column":3}},"loc":{"start":{"line":21,"column":16},"end":{"line":109,"column":3}},"line":21},"5":{"name":"(anonymous_5)","decl":{"start":{"line":62,"column":25},"end":{"line":62,"column":26}},"loc":{"start":{"line":62,"column":32},"end":{"line":99,"column":5}},"line":62},"6":{"name":"(anonymous_6)","decl":{"start":{"line":101,"column":25},"end":{"line":101,"column":26}},"loc":{"start":{"line":101,"column":32},"end":{"line":106,"column":5}},"line":101},"7":{"name":"(anonymous_7)","decl":{"start":{"line":111,"column":2},"end":{"line":111,"column":3}},"loc":{"start":{"line":111,"column":14},"end":{"line":113,"column":3}},"line":111},"8":{"name":"(anonymous_8)","decl":{"start":{"line":115,"column":2},"end":{"line":115,"column":3}},"loc":{"start":{"line":115,"column":26},"end":{"line":123,"column":3}},"line":115}},"branchMap":{"0":{"loc":{"start":{"line":67,"column":8},"end":{"line":69,"column":9}},"type":"if","locations":[{"start":{"line":67,"column":8},"end":{"line":69,"column":9}},{"start":{"line":67,"column":8},"end":{"line":69,"column":9}}],"line":67},"1":{"loc":{"start":{"line":67,"column":12},"end":{"line":67,"column":26}},"type":"binary-expr","locations":[{"start":{"line":67,"column":12},"end":{"line":67,"column":17}},{"start":{"line":67,"column":21},"end":{"line":67,"column":26}}],"line":67},"2":{"loc":{"start":{"line":72,"column":8},"end":{"line":96,"column":9}},"type":"if","locations":[{"start":{"line":72,"column":8},"end":{"line":96,"column":9}},{"start":{"line":72,"column":8},"end":{"line":96,"column":9}}],"line":72},"3":{"loc":{"start":{"line":76,"column":10},"end":{"line":95,"column":11}},"type":"if","locations":[{"start":{"line":76,"column":10},"end":{"line":95,"column":11}},{"start":{"line":76,"column":10},"end":{"line":95,"column":11}}],"line":76},"4":{"loc":{"start":{"line":76,"column":14},"end":{"line":76,"column":52}},"type":"binary-expr","locations":[{"start":{"line":76,"column":14},"end":{"line":76,"column":18}},{"start":{"line":76,"column":22},"end":{"line":76,"column":32}},{"start":{"line":76,"column":36},"end":{"line":76,"column":52}}],"line":76},"5":{"loc":{"start":{"line":84,"column":15},"end":{"line":95,"column":11}},"type":"if","locations":[{"start":{"line":84,"column":15},"end":{"line":95,"column":11}},{"start":{"line":84,"column":15},"end":{"line":95,"column":11}}],"line":84},"6":{"loc":{"start":{"line":84,"column":19},"end":{"line":84,"column":50}},"type":"binary-expr","locations":[{"start":{"line":84,"column":19},"end":{"line":84,"column":23}},{"start":{"line":84,"column":27},"end":{"line":84,"column":50}}],"line":84},"7":{"loc":{"start":{"line":102,"column":6},"end":{"line":105,"column":7}},"type":"if","locations":[{"start":{"line":102,"column":6},"end":{"line":105,"column":7}},{"start":{"line":102,"column":6},"end":{"line":105,"column":7}}],"line":102},"8":{"loc":{"start":{"line":103,"column":18},"end":{"line":103,"column":51}},"type":"binary-expr","locations":[{"start":{"line":103,"column":18},"end":{"line":103,"column":26}},{"start":{"line":103,"column":30},"end":{"line":103,"column":38}},{"start":{"line":103,"column":42},"end":{"line":103,"column":51}}],"line":103},"9":{"loc":{"start":{"line":115,"column":7},"end":{"line":115,"column":24}},"type":"default-arg","locations":[{"start":{"line":115,"column":12},"end":{"line":115,"column":24}}],"line":115}},"s":{"0":22,"1":32,"2":32,"3":32,"4":18,"5":28,"6":18,"7":19,"8":19,"9":19,"10":19,"11":29,"12":29,"13":47,"14":47,"15":47,"16":9,"17":38,"18":25,"19":8,"20":8,"21":8,"22":17,"23":10,"24":10,"25":10,"26":10,"27":7,"28":7,"29":7,"30":19,"31":29,"32":22,"33":22,"34":19,"35":18,"36":18,"37":18,"38":18},"f":{"0":22,"1":32,"2":18,"3":28,"4":19,"5":29,"6":29,"7":18,"8":18},"b":{"0":[9,38],"1":[47,10],"2":[25,13],"3":[8,17],"4":[25,18,17],"5":[10,7],"6":[17,10],"7":[22,7],"8":[22,13,1],"9":[1]},"_coverageSchema":"1a1c01bbd47fc00a2c39e90264f33305004495a9","hash":"c276936966f1e9aef2d228d23fe3177469ea0432"}
,"/home/sirrobert/Projects/thefarce/farce-commando/code/src/option/BaseClass.js": {"path":"/home/sirrobert/Projects/thefarce/farce-commando/code/src/option/BaseClass.js","statementMap":{"0":{"start":{"line":6,"column":4},"end":{"line":8,"column":5}},"1":{"start":{"line":7,"column":6},"end":{"line":7,"column":32}},"2":{"start":{"line":10,"column":4},"end":{"line":22,"column":6}},"3":{"start":{"line":24,"column":4},"end":{"line":24,"column":17}},"4":{"start":{"line":28,"column":4},"end":{"line":28,"column":40}},"5":{"start":{"line":29,"column":4},"end":{"line":29,"column":40}},"6":{"start":{"line":30,"column":4},"end":{"line":30,"column":40}},"7":{"start":{"line":31,"column":4},"end":{"line":31,"column":40}},"8":{"start":{"line":32,"column":4},"end":{"line":32,"column":40}},"9":{"start":{"line":33,"column":4},"end":{"line":33,"column":40}},"10":{"start":{"line":34,"column":4},"end":{"line":34,"column":43}},"11":{"start":{"line":35,"column":4},"end":{"line":35,"column":44}},"12":{"start":{"line":37,"column":4},"end":{"line":42,"column":5}},"13":{"start":{"line":38,"column":6},"end":{"line":38,"column":22}},"14":{"start":{"line":41,"column":6},"end":{"line":41,"column":27}},"15":{"start":{"line":44,"column":4},"end":{"line":44,"column":28}},"16":{"start":{"line":48,"column":4},"end":{"line":50,"column":5}},"17":{"start":{"line":49,"column":6},"end":{"line":49,"column":19}},"18":{"start":{"line":51,"column":16},"end":{"line":51,"column":27}},"19":{"start":{"line":53,"column":19},"end":{"line":53,"column":42}},"20":{"start":{"line":54,"column":19},"end":{"line":54,"column":42}},"21":{"start":{"line":56,"column":4},"end":{"line":61,"column":5}},"22":{"start":{"line":60,"column":6},"end":{"line":60,"column":18}},"23":{"start":{"line":62,"column":4},"end":{"line":62,"column":17}},"24":{"start":{"line":66,"column":4},"end":{"line":70,"column":5}},"25":{"start":{"line":67,"column":6},"end":{"line":67,"column":29}},"26":{"start":{"line":69,"column":6},"end":{"line":69,"column":25}},"27":{"start":{"line":75,"column":4},"end":{"line":77,"column":5}},"28":{"start":{"line":76,"column":6},"end":{"line":76,"column":42}},"29":{"start":{"line":78,"column":4},"end":{"line":78,"column":31}},"30":{"start":{"line":82,"column":4},"end":{"line":82,"column":34}},"31":{"start":{"line":86,"column":4},"end":{"line":88,"column":5}},"32":{"start":{"line":87,"column":6},"end":{"line":87,"column":33}},"33":{"start":{"line":89,"column":4},"end":{"line":89,"column":16}},"34":{"start":{"line":93,"column":15},"end":{"line":93,"column":96}},"35":{"start":{"line":95,"column":4},"end":{"line":95,"column":16}}},"fnMap":{"0":{"name":"(anonymous_0)","decl":{"start":{"line":4,"column":2},"end":{"line":4,"column":3}},"loc":{"start":{"line":4,"column":23},"end":{"line":25,"column":3}},"line":4},"1":{"name":"(anonymous_1)","decl":{"start":{"line":27,"column":2},"end":{"line":27,"column":3}},"loc":{"start":{"line":27,"column":11},"end":{"line":45,"column":3}},"line":27},"2":{"name":"(anonymous_2)","decl":{"start":{"line":47,"column":2},"end":{"line":47,"column":3}},"loc":{"start":{"line":47,"column":21},"end":{"line":63,"column":3}},"line":47},"3":{"name":"(anonymous_3)","decl":{"start":{"line":65,"column":2},"end":{"line":65,"column":3}},"loc":{"start":{"line":65,"column":19},"end":{"line":71,"column":3}},"line":65},"4":{"name":"(anonymous_4)","decl":{"start":{"line":74,"column":2},"end":{"line":74,"column":3}},"loc":{"start":{"line":74,"column":38},"end":{"line":79,"column":3}},"line":74},"5":{"name":"(anonymous_5)","decl":{"start":{"line":81,"column":2},"end":{"line":81,"column":3}},"loc":{"start":{"line":81,"column":24},"end":{"line":83,"column":3}},"line":81},"6":{"name":"(anonymous_6)","decl":{"start":{"line":85,"column":2},"end":{"line":85,"column":3}},"loc":{"start":{"line":85,"column":26},"end":{"line":90,"column":3}},"line":85},"7":{"name":"(anonymous_7)","decl":{"start":{"line":92,"column":2},"end":{"line":92,"column":3}},"loc":{"start":{"line":92,"column":17},"end":{"line":96,"column":3}},"line":92}},"branchMap":{"0":{"loc":{"start":{"line":6,"column":4},"end":{"line":8,"column":5}},"type":"if","locations":[{"start":{"line":6,"column":4},"end":{"line":8,"column":5}},{"start":{"line":6,"column":4},"end":{"line":8,"column":5}}],"line":6},"1":{"loc":{"start":{"line":37,"column":4},"end":{"line":42,"column":5}},"type":"if","locations":[{"start":{"line":37,"column":4},"end":{"line":42,"column":5}},{"start":{"line":37,"column":4},"end":{"line":42,"column":5}}],"line":37},"2":{"loc":{"start":{"line":48,"column":4},"end":{"line":50,"column":5}},"type":"if","locations":[{"start":{"line":48,"column":4},"end":{"line":50,"column":5}},{"start":{"line":48,"column":4},"end":{"line":50,"column":5}}],"line":48},"3":{"loc":{"start":{"line":56,"column":4},"end":{"line":61,"column":5}},"type":"if","locations":[{"start":{"line":56,"column":4},"end":{"line":61,"column":5}},{"start":{"line":56,"column":4},"end":{"line":61,"column":5}}],"line":56},"4":{"loc":{"start":{"line":56,"column":9},"end":{"line":59,"column":35}},"type":"binary-expr","locations":[{"start":{"line":56,"column":9},"end":{"line":56,"column":31}},{"start":{"line":57,"column":9},"end":{"line":57,"column":31}},{"start":{"line":58,"column":9},"end":{"line":58,"column":35}},{"start":{"line":59,"column":9},"end":{"line":59,"column":35}}],"line":56},"5":{"loc":{"start":{"line":66,"column":4},"end":{"line":70,"column":5}},"type":"if","locations":[{"start":{"line":66,"column":4},"end":{"line":70,"column":5}},{"start":{"line":66,"column":4},"end":{"line":70,"column":5}}],"line":66},"6":{"loc":{"start":{"line":75,"column":4},"end":{"line":77,"column":5}},"type":"if","locations":[{"start":{"line":75,"column":4},"end":{"line":77,"column":5}},{"start":{"line":75,"column":4},"end":{"line":77,"column":5}}],"line":75},"7":{"loc":{"start":{"line":75,"column":8},"end":{"line":75,"column":22}},"type":"binary-expr","locations":[{"start":{"line":75,"column":8},"end":{"line":75,"column":12}},{"start":{"line":75,"column":16},"end":{"line":75,"column":22}}],"line":75},"8":{"loc":{"start":{"line":78,"column":18},"end":{"line":78,"column":29}},"type":"binary-expr","locations":[{"start":{"line":78,"column":18},"end":{"line":78,"column":23}},{"start":{"line":78,"column":27},"end":{"line":78,"column":29}}],"line":78},"9":{"loc":{"start":{"line":86,"column":4},"end":{"line":88,"column":5}},"type":"if","locations":[{"start":{"line":86,"column":4},"end":{"line":88,"column":5}},{"start":{"line":86,"column":4},"end":{"line":88,"column":5}}],"line":86},"10":{"loc":{"start":{"line":87,"column":19},"end":{"line":87,"column":32}},"type":"binary-expr","locations":[{"start":{"line":87,"column":19},"end":{"line":87,"column":24}},{"start":{"line":87,"column":28},"end":{"line":87,"column":32}}],"line":87}},"s":{"0":233,"1":74,"2":233,"3":233,"4":263,"5":263,"6":263,"7":263,"8":263,"9":263,"10":263,"11":263,"12":263,"13":4,"14":259,"15":263,"16":302,"17":1,"18":301,"19":301,"20":301,"21":301,"22":238,"23":63,"24":75,"25":3,"26":72,"27":214,"28":53,"29":214,"30":142,"31":2,"32":1,"33":2,"34":1,"35":1},"f":{"0":233,"1":263,"2":302,"3":75,"4":214,"5":142,"6":2,"7":1},"b":{"0":[74,159],"1":[4,259],"2":[1,301],"3":[238,63],"4":[301,149,75,68],"5":[3,72],"6":[53,161],"7":[214,213],"8":[214,53],"9":[1,1],"10":[1,1]},"_coverageSchema":"1a1c01bbd47fc00a2c39e90264f33305004495a9","hash":"f83b7456b9c60718cb5d8f9b0a2f47217c3989c5"}
,"/home/sirrobert/Projects/thefarce/farce-commando/code/src/option/create-option.js": {"path":"/home/sirrobert/Projects/thefarce/farce-commando/code/src/option/create-option.js","statementMap":{"0":{"start":{"line":10,"column":18},"end":{"line":10,"column":31}},"1":{"start":{"line":11,"column":2},"end":{"line":26,"column":3}},"2":{"start":{"line":13,"column":6},"end":{"line":13,"column":46}},"3":{"start":{"line":16,"column":6},"end":{"line":16,"column":46}},"4":{"start":{"line":20,"column":6},"end":{"line":20,"column":46}},"5":{"start":{"line":25,"column":6},"end":{"line":25,"column":42}}},"fnMap":{"0":{"name":"createOption","decl":{"start":{"line":9,"column":9},"end":{"line":9,"column":21}},"loc":{"start":{"line":9,"column":28},"end":{"line":27,"column":1}},"line":9}},"branchMap":{"0":{"loc":{"start":{"line":11,"column":2},"end":{"line":26,"column":3}},"type":"switch","locations":[{"start":{"line":12,"column":4},"end":{"line":13,"column":46}},{"start":{"line":15,"column":4},"end":{"line":16,"column":46}},{"start":{"line":18,"column":4},"end":{"line":18,"column":16}},{"start":{"line":19,"column":4},"end":{"line":20,"column":46}},{"start":{"line":22,"column":4},"end":{"line":22,"column":16}},{"start":{"line":23,"column":4},"end":{"line":23,"column":19}},{"start":{"line":24,"column":4},"end":{"line":25,"column":42}}],"line":11}},"s":{"0":158,"1":158,"2":91,"3":5,"4":4,"5":58},"f":{"0":158},"b":{"0":[91,5,4,4,7,32,58]},"_coverageSchema":"1a1c01bbd47fc00a2c39e90264f33305004495a9","hash":"4138528adf322af09f427bb3cd873c2d608e561d"}
,"/home/sirrobert/Projects/thefarce/farce-commando/code/src/option/parse.js": {"path":"/home/sirrobert/Projects/thefarce/farce-commando/code/src/option/parse.js","statementMap":{"0":{"start":{"line":3,"column":2},"end":{"line":3,"column":57}},"1":{"start":{"line":8,"column":2},"end":{"line":8,"column":17}},"2":{"start":{"line":10,"column":18},"end":{"line":10,"column":22}},"3":{"start":{"line":11,"column":2},"end":{"line":11,"column":33}},"4":{"start":{"line":13,"column":14},"end":{"line":13,"column":32}},"5":{"start":{"line":14,"column":2},"end":{"line":20,"column":3}},"6":{"start":{"line":15,"column":4},"end":{"line":15,"column":32}},"7":{"start":{"line":16,"column":15},"end":{"line":16,"column":28}},"8":{"start":{"line":17,"column":15},"end":{"line":17,"column":28}},"9":{"start":{"line":18,"column":4},"end":{"line":18,"column":51}},"10":{"start":{"line":19,"column":4},"end":{"line":19,"column":24}},"11":{"start":{"line":22,"column":2},"end":{"line":25,"column":4}},"12":{"start":{"line":31,"column":12},"end":{"line":40,"column":3}},"13":{"start":{"line":42,"column":14},"end":{"line":51,"column":3}},"14":{"start":{"line":53,"column":16},"end":{"line":53,"column":25}},"15":{"start":{"line":55,"column":2},"end":{"line":55,"column":59}},"16":{"start":{"line":56,"column":2},"end":{"line":56,"column":61}},"17":{"start":{"line":57,"column":2},"end":{"line":57,"column":69}},"18":{"start":{"line":58,"column":2},"end":{"line":58,"column":65}},"19":{"start":{"line":59,"column":2},"end":{"line":59,"column":64}},"20":{"start":{"line":60,"column":2},"end":{"line":60,"column":66}},"21":{"start":{"line":61,"column":2},"end":{"line":61,"column":58}},"22":{"start":{"line":63,"column":2},"end":{"line":65,"column":3}},"23":{"start":{"line":64,"column":4},"end":{"line":64,"column":65}},"24":{"start":{"line":67,"column":2},"end":{"line":69,"column":3}},"25":{"start":{"line":68,"column":4},"end":{"line":68,"column":44}},"26":{"start":{"line":71,"column":2},"end":{"line":77,"column":3}},"27":{"start":{"line":72,"column":4},"end":{"line":72,"column":46}},"28":{"start":{"line":73,"column":4},"end":{"line":76,"column":5}},"29":{"start":{"line":74,"column":6},"end":{"line":74,"column":28}},"30":{"start":{"line":75,"column":6},"end":{"line":75,"column":51}},"31":{"start":{"line":81,"column":2},"end":{"line":85,"column":3}},"32":{"start":{"line":82,"column":16},"end":{"line":82,"column":57}},"33":{"start":{"line":83,"column":4},"end":{"line":83,"column":31}},"34":{"start":{"line":84,"column":4},"end":{"line":84,"column":44}},"35":{"start":{"line":87,"column":2},"end":{"line":89,"column":3}},"36":{"start":{"line":88,"column":4},"end":{"line":88,"column":69}},"37":{"start":{"line":91,"column":2},"end":{"line":93,"column":3}},"38":{"start":{"line":92,"column":4},"end":{"line":92,"column":59}},"39":{"start":{"line":95,"column":2},"end":{"line":95,"column":44}},"40":{"start":{"line":97,"column":2},"end":{"line":100,"column":4}}},"fnMap":{"0":{"name":"trimArg","decl":{"start":{"line":2,"column":9},"end":{"line":2,"column":16}},"loc":{"start":{"line":2,"column":23},"end":{"line":4,"column":1}},"line":2},"1":{"name":"getPart","decl":{"start":{"line":7,"column":9},"end":{"line":7,"column":16}},"loc":{"start":{"line":7,"column":32},"end":{"line":26,"column":1}},"line":7},"2":{"name":"parseStr","decl":{"start":{"line":30,"column":9},"end":{"line":30,"column":17}},"loc":{"start":{"line":30,"column":33},"end":{"line":101,"column":1}},"line":30}},"branchMap":{"0":{"loc":{"start":{"line":14,"column":2},"end":{"line":20,"column":3}},"type":"if","locations":[{"start":{"line":14,"column":2},"end":{"line":20,"column":3}},{"start":{"line":14,"column":2},"end":{"line":20,"column":3}}],"line":14},"1":{"loc":{"start":{"line":24,"column":4},"end":{"line":24,"column":39}},"type":"cond-expr","locations":[{"start":{"line":24,"column":16},"end":{"line":24,"column":34}},{"start":{"line":24,"column":37},"end":{"line":24,"column":39}}],"line":24},"2":{"loc":{"start":{"line":30,"column":19},"end":{"line":30,"column":31}},"type":"default-arg","locations":[{"start":{"line":30,"column":29},"end":{"line":30,"column":31}}],"line":30},"3":{"loc":{"start":{"line":63,"column":2},"end":{"line":65,"column":3}},"type":"if","locations":[{"start":{"line":63,"column":2},"end":{"line":65,"column":3}},{"start":{"line":63,"column":2},"end":{"line":65,"column":3}}],"line":63},"4":{"loc":{"start":{"line":67,"column":2},"end":{"line":69,"column":3}},"type":"if","locations":[{"start":{"line":67,"column":2},"end":{"line":69,"column":3}},{"start":{"line":67,"column":2},"end":{"line":69,"column":3}}],"line":67},"5":{"loc":{"start":{"line":71,"column":2},"end":{"line":77,"column":3}},"type":"if","locations":[{"start":{"line":71,"column":2},"end":{"line":77,"column":3}},{"start":{"line":71,"column":2},"end":{"line":77,"column":3}}],"line":71},"6":{"loc":{"start":{"line":73,"column":4},"end":{"line":76,"column":5}},"type":"if","locations":[{"start":{"line":73,"column":4},"end":{"line":76,"column":5}},{"start":{"line":73,"column":4},"end":{"line":76,"column":5}}],"line":73},"7":{"loc":{"start":{"line":81,"column":2},"end":{"line":85,"column":3}},"type":"if","locations":[{"start":{"line":81,"column":2},"end":{"line":85,"column":3}},{"start":{"line":81,"column":2},"end":{"line":85,"column":3}}],"line":81},"8":{"loc":{"start":{"line":84,"column":20},"end":{"line":84,"column":43}},"type":"binary-expr","locations":[{"start":{"line":84,"column":20},"end":{"line":84,"column":35}},{"start":{"line":84,"column":39},"end":{"line":84,"column":43}}],"line":84},"9":{"loc":{"start":{"line":87,"column":2},"end":{"line":89,"column":3}},"type":"if","locations":[{"start":{"line":87,"column":2},"end":{"line":89,"column":3}},{"start":{"line":87,"column":2},"end":{"line":89,"column":3}}],"line":87},"10":{"loc":{"start":{"line":91,"column":2},"end":{"line":93,"column":3}},"type":"if","locations":[{"start":{"line":91,"column":2},"end":{"line":93,"column":3}},{"start":{"line":91,"column":2},"end":{"line":93,"column":3}}],"line":91}},"s":{"0":4387,"1":1765,"2":1765,"3":1765,"4":1765,"5":1765,"6":1031,"7":1031,"8":1031,"9":1031,"10":1031,"11":1765,"12":252,"13":252,"14":252,"15":252,"16":252,"17":252,"18":252,"19":252,"20":252,"21":252,"22":252,"23":237,"24":252,"25":139,"26":252,"27":225,"28":225,"29":3,"30":3,"31":252,"32":106,"33":106,"34":106,"35":252,"36":54,"37":252,"38":18,"39":252,"40":252},"f":{"0":4387,"1":1765,"2":252},"b":{"0":[1031,734],"1":[856,909],"2":[1],"3":[237,15],"4":[139,113],"5":[225,27],"6":[3,222],"7":[106,146],"8":[106,71],"9":[54,198],"10":[18,234]},"_coverageSchema":"1a1c01bbd47fc00a2c39e90264f33305004495a9","hash":"b78a1a2fba803846e90856176dffacca7517ae2a"}
,"/home/sirrobert/Projects/thefarce/farce-commando/code/src/option/type/Boolean.js": {"path":"/home/sirrobert/Projects/thefarce/farce-commando/code/src/option/type/Boolean.js","statementMap":{"0":{"start":{"line":7,"column":4},"end":{"line":7,"column":16}},"1":{"start":{"line":8,"column":4},"end":{"line":8,"column":26}},"2":{"start":{"line":10,"column":4},"end":{"line":12,"column":5}},"3":{"start":{"line":11,"column":6},"end":{"line":11,"column":55}},"4":{"start":{"line":17,"column":4},"end":{"line":17,"column":18}},"5":{"start":{"line":18,"column":4},"end":{"line":20,"column":5}},"6":{"start":{"line":19,"column":6},"end":{"line":19,"column":55}},"7":{"start":{"line":24,"column":4},"end":{"line":26,"column":5}},"8":{"start":{"line":25,"column":6},"end":{"line":25,"column":19}},"9":{"start":{"line":28,"column":4},"end":{"line":28,"column":60}},"10":{"start":{"line":33,"column":4},"end":{"line":35,"column":5}},"11":{"start":{"line":34,"column":6},"end":{"line":34,"column":18}},"12":{"start":{"line":37,"column":4},"end":{"line":37,"column":17}},"13":{"start":{"line":41,"column":4},"end":{"line":41,"column":39}},"14":{"start":{"line":42,"column":4},"end":{"line":42,"column":47}},"15":{"start":{"line":46,"column":4},"end":{"line":46,"column":46}},"16":{"start":{"line":48,"column":4},"end":{"line":61,"column":5}},"17":{"start":{"line":54,"column":6},"end":{"line":54,"column":18}},"18":{"start":{"line":55,"column":11},"end":{"line":61,"column":5}},"19":{"start":{"line":60,"column":6},"end":{"line":60,"column":19}},"20":{"start":{"line":63,"column":4},"end":{"line":63,"column":11}},"21":{"start":{"line":69,"column":4},"end":{"line":71,"column":5}},"22":{"start":{"line":70,"column":6},"end":{"line":70,"column":18}},"23":{"start":{"line":76,"column":4},"end":{"line":80,"column":5}},"24":{"start":{"line":77,"column":6},"end":{"line":77,"column":35}},"25":{"start":{"line":78,"column":6},"end":{"line":78,"column":29}},"26":{"start":{"line":79,"column":6},"end":{"line":79,"column":18}},"27":{"start":{"line":83,"column":4},"end":{"line":88,"column":5}},"28":{"start":{"line":84,"column":6},"end":{"line":84,"column":48}},"29":{"start":{"line":87,"column":6},"end":{"line":87,"column":35}},"30":{"start":{"line":90,"column":4},"end":{"line":90,"column":27}},"31":{"start":{"line":91,"column":4},"end":{"line":91,"column":16}}},"fnMap":{"0":{"name":"(anonymous_0)","decl":{"start":{"line":6,"column":2},"end":{"line":6,"column":3}},"loc":{"start":{"line":6,"column":21},"end":{"line":14,"column":3}},"line":6},"1":{"name":"(anonymous_1)","decl":{"start":{"line":16,"column":2},"end":{"line":16,"column":3}},"loc":{"start":{"line":16,"column":11},"end":{"line":21,"column":3}},"line":16},"2":{"name":"(anonymous_2)","decl":{"start":{"line":23,"column":2},"end":{"line":23,"column":3}},"loc":{"start":{"line":23,"column":24},"end":{"line":38,"column":3}},"line":23},"3":{"name":"(anonymous_3)","decl":{"start":{"line":40,"column":2},"end":{"line":40,"column":3}},"loc":{"start":{"line":40,"column":28},"end":{"line":43,"column":3}},"line":40},"4":{"name":"(anonymous_4)","decl":{"start":{"line":45,"column":2},"end":{"line":45,"column":3}},"loc":{"start":{"line":45,"column":25},"end":{"line":64,"column":3}},"line":45},"5":{"name":"(anonymous_5)","decl":{"start":{"line":66,"column":2},"end":{"line":66,"column":3}},"loc":{"start":{"line":66,"column":26},"end":{"line":92,"column":3}},"line":66}},"branchMap":{"0":{"loc":{"start":{"line":10,"column":4},"end":{"line":12,"column":5}},"type":"if","locations":[{"start":{"line":10,"column":4},"end":{"line":12,"column":5}},{"start":{"line":10,"column":4},"end":{"line":12,"column":5}}],"line":10},"1":{"loc":{"start":{"line":10,"column":8},"end":{"line":10,"column":60}},"type":"binary-expr","locations":[{"start":{"line":10,"column":8},"end":{"line":10,"column":20}},{"start":{"line":10,"column":24},"end":{"line":10,"column":60}}],"line":10},"2":{"loc":{"start":{"line":18,"column":4},"end":{"line":20,"column":5}},"type":"if","locations":[{"start":{"line":18,"column":4},"end":{"line":20,"column":5}},{"start":{"line":18,"column":4},"end":{"line":20,"column":5}}],"line":18},"3":{"loc":{"start":{"line":18,"column":8},"end":{"line":18,"column":60}},"type":"binary-expr","locations":[{"start":{"line":18,"column":8},"end":{"line":18,"column":20}},{"start":{"line":18,"column":24},"end":{"line":18,"column":60}}],"line":18},"4":{"loc":{"start":{"line":24,"column":4},"end":{"line":26,"column":5}},"type":"if","locations":[{"start":{"line":24,"column":4},"end":{"line":26,"column":5}},{"start":{"line":24,"column":4},"end":{"line":26,"column":5}}],"line":24},"5":{"loc":{"start":{"line":33,"column":4},"end":{"line":35,"column":5}},"type":"if","locations":[{"start":{"line":33,"column":4},"end":{"line":35,"column":5}},{"start":{"line":33,"column":4},"end":{"line":35,"column":5}}],"line":33},"6":{"loc":{"start":{"line":42,"column":12},"end":{"line":42,"column":45}},"type":"binary-expr","locations":[{"start":{"line":42,"column":12},"end":{"line":42,"column":26}},{"start":{"line":42,"column":30},"end":{"line":42,"column":45}}],"line":42},"7":{"loc":{"start":{"line":48,"column":4},"end":{"line":61,"column":5}},"type":"if","locations":[{"start":{"line":48,"column":4},"end":{"line":61,"column":5}},{"start":{"line":48,"column":4},"end":{"line":61,"column":5}}],"line":48},"8":{"loc":{"start":{"line":49,"column":6},"end":{"line":52,"column":18}},"type":"binary-expr","locations":[{"start":{"line":49,"column":6},"end":{"line":49,"column":22}},{"start":{"line":49,"column":27},"end":{"line":49,"column":40}},{"start":{"line":50,"column":6},"end":{"line":50,"column":21}},{"start":{"line":50,"column":27},"end":{"line":50,"column":40}},{"start":{"line":51,"column":6},"end":{"line":51,"column":19}},{"start":{"line":52,"column":6},"end":{"line":52,"column":18}}],"line":49},"9":{"loc":{"start":{"line":55,"column":11},"end":{"line":61,"column":5}},"type":"if","locations":[{"start":{"line":55,"column":11},"end":{"line":61,"column":5}},{"start":{"line":55,"column":11},"end":{"line":61,"column":5}}],"line":55},"10":{"loc":{"start":{"line":56,"column":6},"end":{"line":58,"column":19}},"type":"binary-expr","locations":[{"start":{"line":56,"column":6},"end":{"line":56,"column":23}},{"start":{"line":56,"column":27},"end":{"line":56,"column":40}},{"start":{"line":57,"column":6},"end":{"line":57,"column":20}},{"start":{"line":57,"column":27},"end":{"line":57,"column":40}},{"start":{"line":58,"column":6},"end":{"line":58,"column":19}}],"line":56},"11":{"loc":{"start":{"line":69,"column":4},"end":{"line":71,"column":5}},"type":"if","locations":[{"start":{"line":69,"column":4},"end":{"line":71,"column":5}},{"start":{"line":69,"column":4},"end":{"line":71,"column":5}}],"line":69},"12":{"loc":{"start":{"line":76,"column":4},"end":{"line":80,"column":5}},"type":"if","locations":[{"start":{"line":76,"column":4},"end":{"line":80,"column":5}},{"start":{"line":76,"column":4},"end":{"line":80,"column":5}}],"line":76},"13":{"loc":{"start":{"line":83,"column":4},"end":{"line":88,"column":5}},"type":"if","locations":[{"start":{"line":83,"column":4},"end":{"line":88,"column":5}},{"start":{"line":83,"column":4},"end":{"line":88,"column":5}}],"line":83}},"s":{"0":87,"1":87,"2":87,"3":12,"4":107,"5":107,"6":18,"7":138,"8":18,"9":120,"10":120,"11":113,"12":7,"13":180,"14":180,"15":239,"16":239,"17":154,"18":85,"19":75,"20":10,"21":45,"22":1,"23":44,"24":15,"25":15,"26":15,"27":29,"28":28,"29":1,"30":29,"31":29},"f":{"0":87,"1":107,"2":138,"3":180,"4":239,"5":45},"b":{"0":[12,75],"1":[87,12],"2":[18,89],"3":[107,18],"4":[18,120],"5":[113,7],"6":[180,68],"7":[154,85],"8":[239,158,149,128,119,116],"9":[75,10],"10":[85,52,43,22,13],"11":[1,44],"12":[15,29],"13":[28,1]},"_coverageSchema":"1a1c01bbd47fc00a2c39e90264f33305004495a9","hash":"171c56cd9a000be61bb0d47530b04c0caec2cf69"}
,"/home/sirrobert/Projects/thefarce/farce-commando/code/src/option/type/Enumeration.js": {"path":"/home/sirrobert/Projects/thefarce/farce-commando/code/src/option/type/Enumeration.js","statementMap":{"0":{"start":{"line":7,"column":4},"end":{"line":7,"column":16}},"1":{"start":{"line":8,"column":4},"end":{"line":8,"column":30}},"2":{"start":{"line":10,"column":4},"end":{"line":12,"column":5}},"3":{"start":{"line":11,"column":6},"end":{"line":11,"column":71}},"4":{"start":{"line":16,"column":4},"end":{"line":18,"column":5}},"5":{"start":{"line":17,"column":6},"end":{"line":17,"column":19}},"6":{"start":{"line":20,"column":4},"end":{"line":20,"column":60}},"7":{"start":{"line":22,"column":4},"end":{"line":22,"column":41}},"8":{"start":{"line":26,"column":4},"end":{"line":30,"column":5}},"9":{"start":{"line":26,"column":17},"end":{"line":26,"column":18}},"10":{"start":{"line":26,"column":26},"end":{"line":26,"column":42}},"11":{"start":{"line":27,"column":6},"end":{"line":29,"column":7}},"12":{"start":{"line":28,"column":8},"end":{"line":28,"column":20}},"13":{"start":{"line":31,"column":4},"end":{"line":31,"column":17}},"14":{"start":{"line":35,"column":4},"end":{"line":44,"column":5}},"15":{"start":{"line":37,"column":9},"end":{"line":44,"column":5}},"16":{"start":{"line":38,"column":6},"end":{"line":38,"column":29}},"17":{"start":{"line":39,"column":6},"end":{"line":39,"column":34}},"18":{"start":{"line":42,"column":6},"end":{"line":42,"column":29}},"19":{"start":{"line":43,"column":6},"end":{"line":43,"column":27}},"20":{"start":{"line":45,"column":4},"end":{"line":45,"column":16}}},"fnMap":{"0":{"name":"(anonymous_0)","decl":{"start":{"line":6,"column":2},"end":{"line":6,"column":3}},"loc":{"start":{"line":6,"column":21},"end":{"line":13,"column":3}},"line":6},"1":{"name":"(anonymous_1)","decl":{"start":{"line":15,"column":2},"end":{"line":15,"column":3}},"loc":{"start":{"line":15,"column":24},"end":{"line":23,"column":3}},"line":15},"2":{"name":"(anonymous_2)","decl":{"start":{"line":25,"column":2},"end":{"line":25,"column":3}},"loc":{"start":{"line":25,"column":28},"end":{"line":32,"column":3}},"line":25},"3":{"name":"(anonymous_3)","decl":{"start":{"line":34,"column":2},"end":{"line":34,"column":3}},"loc":{"start":{"line":34,"column":26},"end":{"line":46,"column":3}},"line":34}},"branchMap":{"0":{"loc":{"start":{"line":10,"column":4},"end":{"line":12,"column":5}},"type":"if","locations":[{"start":{"line":10,"column":4},"end":{"line":12,"column":5}},{"start":{"line":10,"column":4},"end":{"line":12,"column":5}}],"line":10},"1":{"loc":{"start":{"line":10,"column":8},"end":{"line":10,"column":61}},"type":"binary-expr","locations":[{"start":{"line":10,"column":8},"end":{"line":10,"column":20}},{"start":{"line":10,"column":24},"end":{"line":10,"column":61}}],"line":10},"2":{"loc":{"start":{"line":16,"column":4},"end":{"line":18,"column":5}},"type":"if","locations":[{"start":{"line":16,"column":4},"end":{"line":18,"column":5}},{"start":{"line":16,"column":4},"end":{"line":18,"column":5}}],"line":16},"3":{"loc":{"start":{"line":27,"column":6},"end":{"line":29,"column":7}},"type":"if","locations":[{"start":{"line":27,"column":6},"end":{"line":29,"column":7}},{"start":{"line":27,"column":6},"end":{"line":29,"column":7}}],"line":27},"4":{"loc":{"start":{"line":35,"column":4},"end":{"line":44,"column":5}},"type":"if","locations":[{"start":{"line":35,"column":4},"end":{"line":44,"column":5}},{"start":{"line":35,"column":4},"end":{"line":44,"column":5}}],"line":35},"5":{"loc":{"start":{"line":35,"column":8},"end":{"line":35,"column":51}},"type":"binary-expr","locations":[{"start":{"line":35,"column":8},"end":{"line":35,"column":34}},{"start":{"line":35,"column":38},"end":{"line":35,"column":51}}],"line":35},"6":{"loc":{"start":{"line":37,"column":9},"end":{"line":44,"column":5}},"type":"if","locations":[{"start":{"line":37,"column":9},"end":{"line":44,"column":5}},{"start":{"line":37,"column":9},"end":{"line":44,"column":5}}],"line":37}},"s":{"0":18,"1":18,"2":18,"3":1,"4":24,"5":2,"6":22,"7":22,"8":25,"9":25,"10":25,"11":57,"12":16,"13":9,"14":17,"15":10,"16":1,"17":1,"18":9,"19":9,"20":17},"f":{"0":18,"1":24,"2":25,"3":17},"b":{"0":[1,17],"1":[18,3],"2":[2,22],"3":[16,41],"4":[7,10],"5":[17,8],"6":[1,9]},"_coverageSchema":"1a1c01bbd47fc00a2c39e90264f33305004495a9","hash":"6f07b6d08417414329f18f8097a1bc5c91ebfb00"}
,"/home/sirrobert/Projects/thefarce/farce-commando/code/src/option/type/Number.js": {"path":"/home/sirrobert/Projects/thefarce/farce-commando/code/src/option/type/Number.js","statementMap":{"0":{"start":{"line":5,"column":2},"end":{"line":5,"column":54}},"1":{"start":{"line":9,"column":2},"end":{"line":9,"column":27}},"2":{"start":{"line":15,"column":4},"end":{"line":15,"column":16}},"3":{"start":{"line":16,"column":4},"end":{"line":16,"column":25}},"4":{"start":{"line":18,"column":4},"end":{"line":20,"column":5}},"5":{"start":{"line":19,"column":6},"end":{"line":19,"column":46}},"6":{"start":{"line":24,"column":4},"end":{"line":26,"column":5}},"7":{"start":{"line":25,"column":6},"end":{"line":25,"column":19}},"8":{"start":{"line":28,"column":4},"end":{"line":28,"column":60}},"9":{"start":{"line":30,"column":4},"end":{"line":30,"column":28}},"10":{"start":{"line":34,"column":4},"end":{"line":43,"column":5}},"11":{"start":{"line":36,"column":9},"end":{"line":43,"column":5}},"12":{"start":{"line":37,"column":6},"end":{"line":37,"column":29}},"13":{"start":{"line":38,"column":6},"end":{"line":38,"column":47}},"14":{"start":{"line":41,"column":6},"end":{"line":41,"column":29}},"15":{"start":{"line":42,"column":6},"end":{"line":42,"column":40}},"16":{"start":{"line":45,"column":4},"end":{"line":45,"column":16}}},"fnMap":{"0":{"name":"isNumeric","decl":{"start":{"line":4,"column":9},"end":{"line":4,"column":18}},"loc":{"start":{"line":4,"column":27},"end":{"line":6,"column":1}},"line":4},"1":{"name":"coerceValue","decl":{"start":{"line":8,"column":9},"end":{"line":8,"column":20}},"loc":{"start":{"line":8,"column":29},"end":{"line":10,"column":1}},"line":8},"2":{"name":"(anonymous_2)","decl":{"start":{"line":14,"column":2},"end":{"line":14,"column":3}},"loc":{"start":{"line":14,"column":21},"end":{"line":21,"column":3}},"line":14},"3":{"name":"(anonymous_3)","decl":{"start":{"line":23,"column":1},"end":{"line":23,"column":2}},"loc":{"start":{"line":23,"column":23},"end":{"line":31,"column":3}},"line":23},"4":{"name":"(anonymous_4)","decl":{"start":{"line":33,"column":2},"end":{"line":33,"column":3}},"loc":{"start":{"line":33,"column":26},"end":{"line":46,"column":3}},"line":33}},"branchMap":{"0":{"loc":{"start":{"line":5,"column":9},"end":{"line":5,"column":53}},"type":"binary-expr","locations":[{"start":{"line":5,"column":9},"end":{"line":5,"column":34}},{"start":{"line":5,"column":38},"end":{"line":5,"column":53}}],"line":5},"1":{"loc":{"start":{"line":18,"column":4},"end":{"line":20,"column":5}},"type":"if","locations":[{"start":{"line":18,"column":4},"end":{"line":20,"column":5}},{"start":{"line":18,"column":4},"end":{"line":20,"column":5}}],"line":18},"2":{"loc":{"start":{"line":24,"column":4},"end":{"line":26,"column":5}},"type":"if","locations":[{"start":{"line":24,"column":4},"end":{"line":26,"column":5}},{"start":{"line":24,"column":4},"end":{"line":26,"column":5}}],"line":24},"3":{"loc":{"start":{"line":34,"column":4},"end":{"line":43,"column":5}},"type":"if","locations":[{"start":{"line":34,"column":4},"end":{"line":43,"column":5}},{"start":{"line":34,"column":4},"end":{"line":43,"column":5}}],"line":34},"4":{"loc":{"start":{"line":34,"column":8},"end":{"line":34,"column":51}},"type":"binary-expr","locations":[{"start":{"line":34,"column":8},"end":{"line":34,"column":34}},{"start":{"line":34,"column":38},"end":{"line":34,"column":51}}],"line":34},"5":{"loc":{"start":{"line":36,"column":9},"end":{"line":43,"column":5}},"type":"if","locations":[{"start":{"line":36,"column":9},"end":{"line":43,"column":5}},{"start":{"line":36,"column":9},"end":{"line":43,"column":5}}],"line":36}},"s":{"0":21,"1":10,"2":19,"3":19,"4":19,"5":3,"6":23,"7":2,"8":21,"9":21,"10":17,"11":10,"12":1,"13":1,"14":9,"15":9,"16":17},"f":{"0":21,"1":10,"2":19,"3":23,"4":17},"b":{"0":[21,16],"1":[3,16],"2":[2,21],"3":[7,10],"4":[17,8],"5":[1,9]},"_coverageSchema":"1a1c01bbd47fc00a2c39e90264f33305004495a9","hash":"ab7f6d75bfd25da1b64ed7040d0fa36d05abdba9"}
,"/home/sirrobert/Projects/thefarce/farce-commando/code/src/option/type/String.js": {"path":"/home/sirrobert/Projects/thefarce/farce-commando/code/src/option/type/String.js","statementMap":{"0":{"start":{"line":8,"column":4},"end":{"line":10,"column":5}},"1":{"start":{"line":9,"column":19},"end":{"line":9,"column":33}},"2":{"start":{"line":12,"column":4},"end":{"line":12,"column":16}},"3":{"start":{"line":13,"column":4},"end":{"line":13,"column":25}},"4":{"start":{"line":17,"column":4},"end":{"line":19,"column":5}},"5":{"start":{"line":18,"column":6},"end":{"line":18,"column":19}},"6":{"start":{"line":21,"column":4},"end":{"line":21,"column":60}},"7":{"start":{"line":23,"column":4},"end":{"line":25,"column":5}},"8":{"start":{"line":24,"column":6},"end":{"line":24,"column":18}},"9":{"start":{"line":27,"column":4},"end":{"line":27,"column":17}},"10":{"start":{"line":32,"column":4},"end":{"line":41,"column":5}},"11":{"start":{"line":34,"column":9},"end":{"line":41,"column":5}},"12":{"start":{"line":35,"column":6},"end":{"line":35,"column":29}},"13":{"start":{"line":36,"column":6},"end":{"line":36,"column":39}},"14":{"start":{"line":39,"column":6},"end":{"line":39,"column":29}},"15":{"start":{"line":40,"column":6},"end":{"line":40,"column":32}},"16":{"start":{"line":43,"column":4},"end":{"line":43,"column":16}}},"fnMap":{"0":{"name":"(anonymous_0)","decl":{"start":{"line":7,"column":2},"end":{"line":7,"column":3}},"loc":{"start":{"line":7,"column":21},"end":{"line":14,"column":3}},"line":7},"1":{"name":"(anonymous_1)","decl":{"start":{"line":16,"column":1},"end":{"line":16,"column":2}},"loc":{"start":{"line":16,"column":23},"end":{"line":28,"column":2}},"line":16},"2":{"name":"(anonymous_2)","decl":{"start":{"line":30,"column":2},"end":{"line":30,"column":3}},"loc":{"start":{"line":30,"column":26},"end":{"line":44,"column":3}},"line":30}},"branchMap":{"0":{"loc":{"start":{"line":8,"column":4},"end":{"line":10,"column":5}},"type":"if","locations":[{"start":{"line":8,"column":4},"end":{"line":10,"column":5}},{"start":{"line":8,"column":4},"end":{"line":10,"column":5}}],"line":8},"1":{"loc":{"start":{"line":17,"column":4},"end":{"line":19,"column":5}},"type":"if","locations":[{"start":{"line":17,"column":4},"end":{"line":19,"column":5}},{"start":{"line":17,"column":4},"end":{"line":19,"column":5}}],"line":17},"2":{"loc":{"start":{"line":23,"column":4},"end":{"line":25,"column":5}},"type":"if","locations":[{"start":{"line":23,"column":4},"end":{"line":25,"column":5}},{"start":{"line":23,"column":4},"end":{"line":25,"column":5}}],"line":23},"3":{"loc":{"start":{"line":23,"column":8},"end":{"line":23,"column":43}},"type":"binary-expr","locations":[{"start":{"line":23,"column":8},"end":{"line":23,"column":15}},{"start":{"line":23,"column":20},"end":{"line":23,"column":26}},{"start":{"line":23,"column":30},"end":{"line":23,"column":42}}],"line":23},"4":{"loc":{"start":{"line":32,"column":4},"end":{"line":41,"column":5}},"type":"if","locations":[{"start":{"line":32,"column":4},"end":{"line":41,"column":5}},{"start":{"line":32,"column":4},"end":{"line":41,"column":5}}],"line":32},"5":{"loc":{"start":{"line":32,"column":8},"end":{"line":32,"column":51}},"type":"binary-expr","locations":[{"start":{"line":32,"column":8},"end":{"line":32,"column":34}},{"start":{"line":32,"column":38},"end":{"line":32,"column":51}}],"line":32},"6":{"loc":{"start":{"line":34,"column":9},"end":{"line":41,"column":5}},"type":"if","locations":[{"start":{"line":34,"column":9},"end":{"line":41,"column":5}},{"start":{"line":34,"column":9},"end":{"line":41,"column":5}}],"line":34}},"s":{"0":107,"1":16,"2":107,"3":107,"4":73,"5":26,"6":47,"7":47,"8":38,"9":9,"10":15,"11":11,"12":1,"13":1,"14":10,"15":10,"16":15},"f":{"0":107,"1":73,"2":15},"b":{"0":[16,91],"1":[26,47],"2":[38,9],"3":[47,16,16],"4":[4,11],"5":[15,4],"6":[1,10]},"_coverageSchema":"1a1c01bbd47fc00a2c39e90264f33305004495a9","hash":"bc0c2150f4f7159afce652a7a66fc207078973a4"}
}
