TN:
SF:src/index.js
FNF:0
FNH:0
LF:0
LH:0
BRF:0
BRH:0
end_of_record
TN:
SF:src/option.js
FN:1,isStrNumeric
FN:5,isStrString
FN:12,isStrBoolean
FN:16,isStrEnumerated
FN:21,_flagMatches
FN:37,(anonymous_5)
FN:83,(anonymous_6)
FN:122,(anonymous_7)
FN:127,(anonymous_8)
FN:138,(anonymous_9)
FN:142,_trim
FN:147,getPart
FNF:12
FNH:0
FNDA:0,isStrNumeric
FNDA:0,isStrString
FNDA:0,isStrBoolean
FNDA:0,isStrEnumerated
FNDA:0,_flagMatches
FNDA:0,(anonymous_5)
FNDA:0,(anonymous_6)
FNDA:0,(anonymous_7)
FNDA:0,(anonymous_8)
FNDA:0,(anonymous_9)
FNDA:0,_trim
FNDA:0,getPart
DA:2,0
DA:6,0
DA:7,0
DA:9,0
DA:13,0
DA:18,0
DA:22,0
DA:24,0
DA:25,0
DA:27,0
DA:31,0
DA:33,0
DA:39,0
DA:50,0
DA:51,0
DA:52,0
DA:53,0
DA:54,0
DA:55,0
DA:56,0
DA:58,0
DA:87,0
DA:88,0
DA:94,0
DA:95,0
DA:98,0
DA:105,0
DA:107,0
DA:111,0
DA:114,0
DA:115,0
DA:119,0
DA:128,0
DA:129,0
DA:132,0
DA:133,0
DA:140,0
DA:143,0
DA:148,0
DA:149,0
DA:151,0
DA:152,0
DA:153,0
DA:154,0
DA:155,0
DA:156,0
DA:157,0
DA:160,0
DA:166,0
DA:167,0
DA:168,0
DA:169,0
DA:170,0
DA:171,0
DA:172,0
DA:174,0
DA:175,0
DA:178,0
DA:179,0
DA:182,0
DA:183,0
DA:188,0
DA:189,0
DA:190,0
DA:191,0
DA:194,0
DA:195,0
DA:198,0
DA:199,0
DA:202,0
LF:70
LH:0
BRDA:2,0,0,0
BRDA:2,0,1,0
BRDA:6,1,0,0
BRDA:6,1,1,0
BRDA:13,2,0,0
BRDA:13,2,1,0
BRDA:27,3,0,0
BRDA:27,3,1,0
BRDA:27,4,0,0
BRDA:27,4,1,0
BRDA:27,4,2,0
BRDA:27,4,3,0
BRDA:87,5,0,0
BRDA:87,5,1,0
BRDA:87,6,0,0
BRDA:87,6,1,0
BRDA:88,7,0,0
BRDA:88,7,1,0
BRDA:94,8,0,0
BRDA:94,8,1,0
BRDA:94,9,0,0
BRDA:94,9,1,0
BRDA:94,9,2,0
BRDA:95,10,0,0
BRDA:95,10,1,0
BRDA:98,11,0,0
BRDA:98,11,1,0
BRDA:99,12,0,0
BRDA:99,12,1,0
BRDA:99,12,2,0
BRDA:99,12,3,0
BRDA:99,12,4,0
BRDA:99,12,5,0
BRDA:99,12,6,0
BRDA:99,12,7,0
BRDA:99,12,8,0
BRDA:111,13,0,0
BRDA:111,13,1,0
BRDA:114,14,0,0
BRDA:114,14,1,0
BRDA:114,15,0,0
BRDA:114,15,1,0
BRDA:114,15,2,0
BRDA:128,16,0,0
BRDA:128,16,1,0
BRDA:138,17,0,0
BRDA:152,18,0,0
BRDA:152,18,1,0
BRDA:161,19,0,0
BRDA:161,19,1,0
BRDA:162,20,0,0
BRDA:162,20,1,0
BRDA:174,21,0,0
BRDA:174,21,1,0
BRDA:178,22,0,0
BRDA:178,22,1,0
BRDA:182,23,0,0
BRDA:182,23,1,0
BRDA:188,24,0,0
BRDA:188,24,1,0
BRDA:191,25,0,0
BRDA:191,25,1,0
BRDA:194,26,0,0
BRDA:194,26,1,0
BRDA:198,27,0,0
BRDA:198,27,1,0
BRF:66
BRH:0
end_of_record
TN:
SF:src/program.js
FN:6,(anonymous_0)
FN:10,(anonymous_1)
FN:20,(anonymous_2)
FN:32,(anonymous_3)
FN:36,(anonymous_4)
FN:46,(anonymous_5)
FNF:6
FNH:3
FNDA:4,(anonymous_0)
FNDA:3,(anonymous_1)
FNDA:1,(anonymous_2)
FNDA:0,(anonymous_3)
FNDA:0,(anonymous_4)
FNDA:0,(anonymous_5)
DA:7,4
DA:11,3
DA:13,3
DA:14,3
DA:17,3
DA:21,1
DA:22,0
DA:24,0
DA:25,0
DA:29,1
DA:33,0
DA:34,0
DA:36,0
DA:38,0
DA:41,0
DA:47,0
DA:48,0
LF:17
LH:7
BRDA:13,0,0,3
BRDA:13,0,1,0
BRDA:24,1,0,0
BRDA:24,1,1,0
BRDA:46,2,0,0
BRF:5
BRH:1
end_of_record
TN:
SF:src/option/BaseClass.js
FN:2,(anonymous_0)
FN:24,(anonymous_1)
FN:40,(anonymous_2)
FN:47,(anonymous_3)
FNF:4
FNH:3
FNDA:122,(anonymous_0)
FNDA:118,(anonymous_1)
FNDA:79,(anonymous_2)
FNDA:0,(anonymous_3)
DA:3,122
DA:14,122
DA:15,122
DA:16,122
DA:17,122
DA:18,122
DA:19,122
DA:20,122
DA:21,122
DA:25,118
DA:27,118
DA:28,118
DA:30,118
DA:34,79
DA:36,39
DA:41,79
DA:42,19
DA:44,79
DA:48,0
LF:19
LH:18
BRDA:30,0,0,79
BRDA:30,0,1,39
BRDA:30,1,0,118
BRDA:30,1,1,94
BRDA:30,1,2,51
BRDA:30,1,3,44
BRDA:41,2,0,19
BRDA:41,2,1,60
BRDA:41,3,0,79
BRDA:41,3,1,79
BRDA:42,4,0,19
BRDA:42,4,1,0
BRDA:44,5,0,79
BRDA:44,5,1,19
BRF:14
BRH:13
end_of_record
TN:
SF:src/option/create-option.js
FN:9,createOption
FNF:1
FNH:1
FNDA:122,createOption
DA:10,122
DA:11,122
DA:13,91
DA:16,0
DA:20,0
DA:25,31
DA:27,0
LF:7
LH:4
BRDA:11,0,0,91
BRDA:11,0,1,0
BRDA:11,0,2,0
BRDA:11,0,3,0
BRDA:11,0,4,0
BRDA:11,0,5,15
BRDA:11,0,6,31
BRF:7
BRH:3
end_of_record
TN:
SF:src/option/parse.js
FN:2,trimArg
FN:7,getPart
FN:28,parseStr
FNF:3
FNH:3
FNDA:2214,trimArg
FNDA:854,getPart
FNDA:122,parseStr
DA:3,2214
DA:8,854
DA:9,854
DA:11,854
DA:12,854
DA:13,558
DA:14,558
DA:15,558
DA:16,558
DA:17,558
DA:20,854
DA:29,122
DA:40,122
DA:50,122
DA:52,122
DA:53,122
DA:54,122
DA:55,122
DA:56,122
DA:57,122
DA:58,122
DA:60,122
DA:61,108
DA:64,122
DA:65,101
DA:68,122
DA:69,106
DA:70,106
DA:71,0
DA:72,0
DA:78,122
DA:79,86
DA:80,86
DA:81,86
DA:84,122
DA:85,35
DA:88,122
DA:89,0
DA:92,122
DA:94,122
LF:40
LH:37
BRDA:12,0,0,558
BRDA:12,0,1,296
BRDA:21,1,0,854
BRDA:21,1,1,0
BRDA:22,2,0,506
BRDA:22,2,1,348
BRDA:28,3,0,0
BRDA:60,4,0,108
BRDA:60,4,1,14
BRDA:64,5,0,101
BRDA:64,5,1,21
BRDA:68,6,0,106
BRDA:68,6,1,16
BRDA:70,7,0,0
BRDA:70,7,1,106
BRDA:78,8,0,86
BRDA:78,8,1,36
BRDA:81,9,0,86
BRDA:81,9,1,51
BRDA:84,10,0,35
BRDA:84,10,1,87
BRDA:88,11,0,0
BRDA:88,11,1,122
BRF:23
BRH:19
end_of_record
TN:
SF:src/option/type/Boolean.js
FN:6,(anonymous_0)
FN:11,(anonymous_1)
FNF:2
FNH:2
FNDA:31,(anonymous_0)
FNDA:62,(anonymous_1)
DA:7,31
DA:8,31
DA:12,62
DA:13,13
DA:16,49
DA:21,49
DA:22,49
DA:29,45
DA:32,4
LF:9
LH:9
BRDA:12,0,0,13
BRDA:12,0,1,49
BRDA:22,1,0,45
BRDA:22,1,1,4
BRDA:23,2,0,49
BRDA:23,2,1,41
BRDA:23,2,2,39
BRDA:23,2,3,31
BRDA:23,2,4,29
BRDA:23,2,5,23
BRDA:23,2,6,21
BRDA:23,2,7,15
BRDA:23,2,8,13
BRF:13
BRH:13
end_of_record
TN:
SF:src/option/type/Enumeration.js
FN:6,(anonymous_0)
FN:11,(anonymous_1)
FNF:2
FNH:0
FNDA:0,(anonymous_0)
FNDA:0,(anonymous_1)
DA:7,0
DA:8,0
DA:12,0
DA:13,0
DA:16,0
LF:5
LH:0
BRDA:12,0,0,0
BRDA:12,0,1,0
BRF:2
BRH:0
end_of_record
TN:
SF:src/option/type/Number.js
FN:4,isNumeric
FN:10,(anonymous_1)
FN:15,(anonymous_2)
FNF:3
FNH:0
FNDA:0,isNumeric
FNDA:0,(anonymous_1)
FNDA:0,(anonymous_2)
DA:5,0
DA:11,0
DA:12,0
DA:16,0
DA:17,0
DA:20,0
DA:22,0
LF:7
LH:0
BRDA:5,0,0,0
BRDA:5,0,1,0
BRDA:16,1,0,0
BRDA:16,1,1,0
BRF:4
BRH:0
end_of_record
TN:
SF:src/option/type/String.js
FN:7,(anonymous_0)
FN:16,(anonymous_1)
FNF:2
FNH:2
FNDA:91,(anonymous_0)
FNDA:56,(anonymous_1)
DA:8,91
DA:9,0
DA:12,91
DA:13,91
DA:17,56
DA:18,26
DA:21,30
DA:23,30
DA:24,26
DA:27,4
LF:10
LH:9
BRDA:8,0,0,0
BRDA:8,0,1,91
BRDA:17,1,0,26
BRDA:17,1,1,30
BRDA:23,2,0,26
BRDA:23,2,1,4
BRDA:23,3,0,30
BRDA:23,3,1,10
BRDA:23,3,2,10
BRF:9
BRH:8
end_of_record
