TN:
SF:src/index.js
FNF:0
FNH:0
LF:0
LH:0
BRF:0
BRH:0
end_of_record
TN:
SF:src/program.js
FN:6,(anonymous_0)
FN:14,(anonymous_1)
FN:20,(anonymous_2)
FN:31,(anonymous_3)
FN:35,(anonymous_4)
FN:36,(anonymous_5)
FN:40,(anonymous_6)
FN:104,(anonymous_7)
FN:122,(anonymous_8)
FN:127,(anonymous_9)
FNF:10
FNH:10
FNDA:32,(anonymous_0)
FNDA:33,(anonymous_1)
FNDA:5,(anonymous_2)
FNDA:1,(anonymous_3)
FNDA:22,(anonymous_4)
FNDA:28,(anonymous_5)
FNDA:23,(anonymous_6)
FNDA:29,(anonymous_7)
FNDA:20,(anonymous_8)
FNDA:22,(anonymous_9)
DA:7,32
DA:8,32
DA:9,32
DA:10,32
DA:11,32
DA:15,33
DA:16,33
DA:17,33
DA:21,5
DA:22,4
DA:25,5
DA:26,5
DA:28,5
DA:32,1
DA:36,28
DA:37,22
DA:41,23
DA:44,23
DA:45,2
DA:46,2
DA:47,2
DA:48,2
DA:52,21
DA:53,29
DA:55,29
DA:56,103
DA:57,103
DA:61,103
DA:62,19
DA:66,84
DA:69,25
DA:70,8
DA:71,8
DA:72,8
DA:77,17
DA:78,10
DA:79,10
DA:80,10
DA:81,10
DA:86,7
DA:87,5
DA:88,5
DA:89,5
DA:95,2
DA:96,2
DA:97,2
DA:104,21
DA:105,29
DA:107,29
DA:108,22
DA:109,22
DA:111,7
DA:112,6
DA:117,21
DA:119,21
DA:123,20
DA:124,20
DA:128,22
DA:129,1
DA:130,1
DA:131,1
DA:134,22
DA:135,22
DA:137,22
DA:138,20
LF:65
LH:65
BRDA:6,0,0,28
BRDA:20,1,0,4
BRDA:21,2,0,4
BRDA:21,2,1,1
BRDA:44,3,0,2
BRDA:44,3,1,21
BRDA:61,4,0,19
BRDA:61,4,1,84
BRDA:61,5,0,103
BRDA:61,5,1,45
BRDA:66,6,0,25
BRDA:66,6,1,59
BRDA:69,7,0,8
BRDA:69,7,1,17
BRDA:69,8,0,25
BRDA:69,8,1,18
BRDA:69,8,2,17
BRDA:77,9,0,10
BRDA:77,9,1,7
BRDA:77,10,0,17
BRDA:77,10,1,10
BRDA:86,11,0,5
BRDA:86,11,1,2
BRDA:86,12,0,7
BRDA:86,12,1,7
BRDA:105,13,0,29
BRDA:105,13,1,19
BRDA:105,13,2,2
BRDA:107,14,0,22
BRDA:107,14,1,7
BRDA:111,15,0,6
BRDA:111,15,1,1
BRDA:128,16,0,1
BRDA:128,16,1,21
BRDA:137,17,0,20
BRDA:137,17,1,2
BRF:36
BRH:36
end_of_record
TN:
SF:src/option/BaseClass.js
FN:4,(anonymous_0)
FN:26,(anonymous_1)
FN:46,(anonymous_2)
FN:65,(anonymous_3)
FN:74,(anonymous_4)
FN:81,(anonymous_5)
FN:85,(anonymous_6)
FN:92,(anonymous_7)
FNF:8
FNH:8
FNDA:234,(anonymous_0)
FNDA:264,(anonymous_1)
FNDA:353,(anonymous_2)
FNDA:75,(anonymous_3)
FNDA:219,(anonymous_4)
FNDA:147,(anonymous_5)
FNDA:2,(anonymous_6)
FNDA:1,(anonymous_7)
DA:5,234
DA:6,74
DA:9,234
DA:23,234
DA:27,264
DA:28,264
DA:29,264
DA:30,264
DA:31,264
DA:32,264
DA:33,264
DA:34,264
DA:36,264
DA:37,4
DA:40,260
DA:43,264
DA:47,353
DA:48,26
DA:50,327
DA:51,327
DA:53,327
DA:54,327
DA:56,327
DA:60,243
DA:62,84
DA:66,75
DA:67,3
DA:69,72
DA:75,219
DA:76,58
DA:78,219
DA:82,147
DA:86,2
DA:87,1
DA:89,2
DA:93,1
DA:95,1
LF:37
LH:37
BRDA:5,0,0,74
BRDA:5,0,1,160
BRDA:36,1,0,4
BRDA:36,1,1,260
BRDA:47,2,0,26
BRDA:47,2,1,327
BRDA:56,3,0,243
BRDA:56,3,1,84
BRDA:56,4,0,327
BRDA:56,4,1,173
BRDA:56,4,2,96
BRDA:56,4,3,89
BRDA:66,5,0,3
BRDA:66,5,1,72
BRDA:75,6,0,58
BRDA:75,6,1,161
BRDA:75,7,0,219
BRDA:75,7,1,218
BRDA:78,8,0,219
BRDA:78,8,1,58
BRDA:86,9,0,1
BRDA:86,9,1,1
BRDA:87,10,0,1
BRDA:87,10,1,1
BRF:24
BRH:24
end_of_record
TN:
SF:src/option/create-option.js
FN:9,createOption
FNF:1
FNH:1
FNDA:159,createOption
DA:10,159
DA:11,159
DA:13,91
DA:16,5
DA:20,4
DA:25,59
LF:6
LH:6
BRDA:11,0,0,91
BRDA:11,0,1,5
BRDA:11,0,2,4
BRDA:11,0,3,4
BRDA:11,0,4,7
BRDA:11,0,5,32
BRDA:11,0,6,59
BRF:7
BRH:7
end_of_record
TN:
SF:src/option/parse.js
FN:2,trimArg
FN:7,getPart
FN:30,parseStr
FNF:3
FNH:3
FNDA:4403,trimArg
FNDA:1772,getPart
FNDA:253,parseStr
DA:3,4403
DA:8,1772
DA:10,1772
DA:11,1772
DA:13,1772
DA:14,1772
DA:15,1034
DA:16,1034
DA:17,1034
DA:18,1034
DA:19,1034
DA:22,1772
DA:31,253
DA:42,253
DA:53,253
DA:55,253
DA:56,253
DA:57,253
DA:58,253
DA:59,253
DA:60,253
DA:61,253
DA:63,253
DA:64,238
DA:67,253
DA:68,140
DA:71,253
DA:72,225
DA:73,225
DA:74,3
DA:75,3
DA:81,253
DA:82,106
DA:83,106
DA:84,106
DA:87,253
DA:88,54
DA:91,253
DA:92,18
DA:95,253
DA:97,253
LF:41
LH:41
BRDA:14,0,0,1034
BRDA:14,0,1,738
BRDA:24,1,0,858
BRDA:24,1,1,914
BRDA:30,2,0,1
BRDA:63,3,0,238
BRDA:63,3,1,15
BRDA:67,4,0,140
BRDA:67,4,1,113
BRDA:71,5,0,225
BRDA:71,5,1,28
BRDA:73,6,0,3
BRDA:73,6,1,222
BRDA:81,7,0,106
BRDA:81,7,1,147
BRDA:84,8,0,106
BRDA:84,8,1,71
BRDA:87,9,0,54
BRDA:87,9,1,199
BRDA:91,10,0,18
BRDA:91,10,1,235
BRF:21
BRH:21
end_of_record
TN:
SF:src/option/type/Boolean.js
FN:6,(anonymous_0)
FN:16,(anonymous_1)
FN:23,(anonymous_2)
FN:40,(anonymous_3)
FN:45,(anonymous_4)
FN:66,(anonymous_5)
FNF:6
FNH:6
FNDA:88,(anonymous_0)
FNDA:108,(anonymous_1)
FNDA:143,(anonymous_2)
FNDA:185,(anonymous_3)
FNDA:244,(anonymous_4)
FNDA:45,(anonymous_5)
DA:7,88
DA:8,88
DA:10,88
DA:11,12
DA:17,108
DA:18,108
DA:19,18
DA:24,143
DA:25,18
DA:28,125
DA:33,125
DA:34,118
DA:37,7
DA:41,185
DA:42,185
DA:46,244
DA:48,244
DA:54,159
DA:55,85
DA:60,75
DA:63,10
DA:69,45
DA:70,1
DA:76,44
DA:77,15
DA:78,15
DA:79,15
DA:83,29
DA:84,28
DA:87,1
DA:90,29
DA:91,29
LF:32
LH:32
BRDA:10,0,0,12
BRDA:10,0,1,76
BRDA:10,1,0,88
BRDA:10,1,1,12
BRDA:18,2,0,18
BRDA:18,2,1,90
BRDA:18,3,0,108
BRDA:18,3,1,18
BRDA:24,4,0,18
BRDA:24,4,1,125
BRDA:33,5,0,118
BRDA:33,5,1,7
BRDA:42,6,0,185
BRDA:42,6,1,68
BRDA:48,7,0,159
BRDA:48,7,1,85
BRDA:49,8,0,244
BRDA:49,8,1,163
BRDA:49,8,2,154
BRDA:49,8,3,133
BRDA:49,8,4,124
BRDA:49,8,5,121
BRDA:55,9,0,75
BRDA:55,9,1,10
BRDA:56,10,0,85
BRDA:56,10,1,52
BRDA:56,10,2,43
BRDA:56,10,3,22
BRDA:56,10,4,13
BRDA:69,11,0,1
BRDA:69,11,1,44
BRDA:76,12,0,15
BRDA:76,12,1,29
BRDA:83,13,0,28
BRDA:83,13,1,1
BRF:35
BRH:35
end_of_record
TN:
SF:src/option/type/Enumeration.js
FN:6,(anonymous_0)
FN:15,(anonymous_1)
FN:25,(anonymous_2)
FN:34,(anonymous_3)
FNF:4
FNH:4
FNDA:18,(anonymous_0)
FNDA:24,(anonymous_1)
FNDA:25,(anonymous_2)
FNDA:16,(anonymous_3)
DA:7,18
DA:8,18
DA:10,18
DA:11,1
DA:16,24
DA:17,2
DA:20,22
DA:22,22
DA:26,25
DA:27,57
DA:28,16
DA:31,9
DA:35,16
DA:37,10
DA:38,1
DA:39,1
DA:42,9
DA:43,9
DA:45,16
LF:19
LH:19
BRDA:10,0,0,1
BRDA:10,0,1,17
BRDA:10,1,0,18
BRDA:10,1,1,3
BRDA:16,2,0,2
BRDA:16,2,1,22
BRDA:27,3,0,16
BRDA:27,3,1,41
BRDA:35,4,0,6
BRDA:35,4,1,10
BRDA:35,5,0,16
BRDA:35,5,1,7
BRDA:37,6,0,1
BRDA:37,6,1,9
BRF:14
BRH:14
end_of_record
TN:
SF:src/option/type/Number.js
FN:4,isNumeric
FN:8,coerceValue
FN:14,(anonymous_2)
FN:23,(anonymous_3)
FN:33,(anonymous_4)
FNF:5
FNH:5
FNDA:21,isNumeric
FNDA:10,coerceValue
FNDA:19,(anonymous_2)
FNDA:23,(anonymous_3)
FNDA:16,(anonymous_4)
DA:5,21
DA:9,10
DA:15,19
DA:16,19
DA:18,19
DA:19,3
DA:24,23
DA:25,2
DA:28,21
DA:30,21
DA:34,16
DA:36,10
DA:37,1
DA:38,1
DA:41,9
DA:42,9
DA:45,16
LF:17
LH:17
BRDA:5,0,0,21
BRDA:5,0,1,16
BRDA:18,1,0,3
BRDA:18,1,1,16
BRDA:24,2,0,2
BRDA:24,2,1,21
BRDA:34,3,0,6
BRDA:34,3,1,10
BRDA:34,4,0,16
BRDA:34,4,1,7
BRDA:36,5,0,1
BRDA:36,5,1,9
BRF:12
BRH:12
end_of_record
TN:
SF:src/option/type/String.js
FN:7,(anonymous_0)
FN:16,(anonymous_1)
FN:30,(anonymous_2)
FNF:3
FNH:3
FNDA:107,(anonymous_0)
FNDA:73,(anonymous_1)
FNDA:15,(anonymous_2)
DA:8,107
DA:9,16
DA:12,107
DA:13,107
DA:17,73
DA:18,26
DA:21,47
DA:23,47
DA:24,38
DA:27,9
DA:32,15
DA:34,11
DA:35,1
DA:36,1
DA:39,10
DA:40,10
DA:43,15
LF:17
LH:17
BRDA:8,0,0,16
BRDA:8,0,1,91
BRDA:17,1,0,26
BRDA:17,1,1,47
BRDA:23,2,0,38
BRDA:23,2,1,9
BRDA:23,3,0,47
BRDA:23,3,1,16
BRDA:23,3,2,16
BRDA:32,4,0,4
BRDA:32,4,1,11
BRDA:32,5,0,15
BRDA:32,5,1,4
BRDA:34,6,0,1
BRDA:34,6,1,10
BRF:15
BRH:15
end_of_record
